#
# There is insufficient memory for the Java Runtime Environment to continue.
# Native memory allocation (malloc) failed to allocate 1643328 bytes for Chunk::new
# Possible reasons:
#   The system is out of physical RAM or swap space
#   The process is running with CompressedOops enabled, and the Java Heap may be blocking the growth of the native heap
# Possible solutions:
#   Reduce memory load on the system
#   Increase physical memory or swap space
#   Check if swap backing store is full
#   Decrease Java heap size (-Xmx/-Xms)
#   Decrease number of Java threads
#   Decrease Java thread stack sizes (-Xss)
#   Set larger code cache with -XX:ReservedCodeCacheSize=
#   JVM is running with Unscaled Compressed Oops mode in which the Java heap is
#     placed in the first 4GB address space. The Java Heap base address is the
#     maximum limit for the native heap growth. Please use -XX:HeapBaseMinAddress
#     to set the Java Heap base and to place the Java Heap above 4GB virtual address.
# This output file may be truncated or incomplete.
#
#  Out of Memory Error (arena.cpp:189), pid=4580, tid=3900
#
# JRE version: OpenJDK Runtime Environment Temurin-17.0.8+7 (17.0.8+7) (build 17.0.8+7)
# Java VM: OpenJDK 64-Bit Server VM Temurin-17.0.8+7 (17.0.8+7, mixed mode, tiered, compressed oops, compressed class ptrs, serial gc, windows-amd64)
# No core dump will be written. Minidumps are not enabled by default on client versions of Windows
#

---------------  S U M M A R Y ------------

Command Line: -Dfile.encoding=UTF-8 -XX:+ShowCodeDetailsInExceptionMessages com.hcl.EmployeeRestfulApiApplication

Host: Intel(R) Xeon(R) Platinum 8272CL CPU @ 2.60GHz, 1 cores, 3G,  Windows 10 , 64 bit Build 19041 (10.0.19041.3155)
Time: Wed Aug 30 06:07:50 2023 Coordinated Universal Time elapsed time: 9.339789 seconds (0d 0h 0m 9s)

---------------  T H R E A D  ---------------

Current thread (0x000001c73f61e8f0):  JavaThread "C2 CompilerThread0" daemon [_thread_in_native, id=3900, stack(0x000000b16f200000,0x000000b16f300000)]


Current CompileTask:
C2:   9339 3525       4       jdk.internal.org.objectweb.asm.Frame::execute (2305 bytes)

Stack: [0x000000b16f200000,0x000000b16f300000]
Native frames: (J=compiled Java code, j=interpreted, Vv=VM code, C=native code)
V  [jvm.dll+0x678b0a]
V  [jvm.dll+0x835e84]
V  [jvm.dll+0x83762e]
V  [jvm.dll+0x837c93]
V  [jvm.dll+0x24746f]
V  [jvm.dll+0xac20c]
V  [jvm.dll+0xac7dc]
V  [jvm.dll+0x365ca7]
V  [jvm.dll+0x3301a1]
V  [jvm.dll+0x32f64a]
V  [jvm.dll+0x219bf1]
V  [jvm.dll+0x219011]
V  [jvm.dll+0x1a534d]
V  [jvm.dll+0x228d8a]
V  [jvm.dll+0x226dcc]
V  [jvm.dll+0x7ec09b]
V  [jvm.dll+0x7e64ca]
V  [jvm.dll+0x677955]
C  [ucrtbase.dll+0x21bb2]
C  [KERNEL32.DLL+0x17614]
C  [ntdll.dll+0x526b1]


---------------  P R O C E S S  ---------------

Threads class SMR info:
_java_thread_list=0x000001c7569f8e80, length=14, elements={
0x000001c73f84ea40, 0x000001c73f5d7800, 0x000001c73f5da060, 0x000001c73f617b60,
0x000001c73f618630, 0x000001c73f619100, 0x000001c73f61bbe0, 0x000001c73f61e8f0,
0x000001c73f68d150, 0x000001c73f68f220, 0x000001c7560af010, 0x000001c7560baae0,
0x000001c7569dfb20, 0x000001c756a207e0
}

Java Threads: ( => current thread )
  0x000001c73f84ea40 JavaThread "main" [_thread_blocked, id=4380, stack(0x000000b16ea00000,0x000000b16eb00000)]
  0x000001c73f5d7800 JavaThread "Reference Handler" daemon [_thread_blocked, id=336, stack(0x000000b16ec00000,0x000000b16ed00000)]
  0x000001c73f5da060 JavaThread "Finalizer" daemon [_thread_blocked, id=4208, stack(0x000000b16ed00000,0x000000b16ee00000)]
  0x000001c73f617b60 JavaThread "Signal Dispatcher" daemon [_thread_blocked, id=6344, stack(0x000000b16ee00000,0x000000b16ef00000)]
  0x000001c73f618630 JavaThread "Attach Listener" daemon [_thread_blocked, id=1168, stack(0x000000b16ef00000,0x000000b16f000000)]
  0x000001c73f619100 JavaThread "Service Thread" daemon [_thread_blocked, id=8016, stack(0x000000b16f000000,0x000000b16f100000)]
  0x000001c73f61bbe0 JavaThread "Monitor Deflation Thread" daemon [_thread_blocked, id=5080, stack(0x000000b16f100000,0x000000b16f200000)]
=>0x000001c73f61e8f0 JavaThread "C2 CompilerThread0" daemon [_thread_in_native, id=3900, stack(0x000000b16f200000,0x000000b16f300000)]
  0x000001c73f68d150 JavaThread "C1 CompilerThread0" daemon [_thread_blocked, id=3548, stack(0x000000b16f300000,0x000000b16f400000)]
  0x000001c73f68f220 JavaThread "Sweeper thread" daemon [_thread_blocked, id=3652, stack(0x000000b16f400000,0x000000b16f500000)]
  0x000001c7560af010 JavaThread "Notification Thread" daemon [_thread_blocked, id=4224, stack(0x000000b16f500000,0x000000b16f600000)]
  0x000001c7560baae0 JavaThread "Common-Cleaner" daemon [_thread_blocked, id=5260, stack(0x000000b16f700000,0x000000b16f800000)]
  0x000001c7569dfb20 JavaThread "Thread-0" [_thread_blocked, id=5560, stack(0x000000b16f800000,0x000000b16f900000)]
  0x000001c756a207e0 JavaThread "restartedMain" [_thread_in_Java, id=7424, stack(0x000000b16f900000,0x000000b16fa00000)]

Other Threads:
  0x000001c73f5d0e70 VMThread "VM Thread" [stack: 0x000000b16eb00000,0x000000b16ec00000] [id=1604]
  0x000001c7560af4f0 WatcherThread [stack: 0x000000b16f600000,0x000000b16f700000] [id=620]

Threads with active compile tasks:
C2 CompilerThread0     9353 3525       4       jdk.internal.org.objectweb.asm.Frame::execute (2305 bytes)

VM state: not at safepoint (normal execution)

VM Mutex/Monitor currently owned by a thread: None

Heap address: 0x00000000c8c00000, size: 884 MB, Compressed Oops mode: 32-bit

CDS archive(s) not mapped
Compressed class space mapped at: 0x0000000100000000-0x0000000140000000, reserved size: 1073741824
Narrow klass base: 0x0000000000000000, Narrow klass shift: 3, Narrow klass range: 0x140000000

GC Precious Log:
 CPUs: 1 total, 1 available
 Memory: 3532M
 Large Page Support: Disabled
 NUMA Support: Disabled
 Compressed Oops: Enabled (32-bit)
 Heap Min Capacity: 8M
 Heap Initial Capacity: 56M
 Heap Max Capacity: 884M
 Pre-touch: Disabled

Heap:
 def new generation   total 17280K, used 16505K [0x00000000c8c00000, 0x00000000c9ec0000, 0x00000000db2a0000)
  eden space 15360K,  94% used [0x00000000c8c00000, 0x00000000c9a3e600, 0x00000000c9b00000)
  from space 1920K, 100% used [0x00000000c9ce0000, 0x00000000c9ec0000, 0x00000000c9ec0000)
  to   space 1920K,   0% used [0x00000000c9b00000, 0x00000000c9b00000, 0x00000000c9ce0000)
 tenured generation   total 38272K, used 11022K [0x00000000db2a0000, 0x00000000dd800000, 0x0000000100000000)
   the space 38272K,  28% used [0x00000000db2a0000, 0x00000000dbd639f8, 0x00000000dbd63a00, 0x00000000dd800000)
 Metaspace       used 31866K, committed 32192K, reserved 1114112K
  class space    used 3690K, committed 3840K, reserved 1048576K

Card table byte_map: [0x000001c73f1f0000,0x000001c73f3b0000] _byte_map_base: 0x000001c73ebaa000

Polling page: 0x000001c73d7f0000

Metaspace:

Usage:
  Non-class:     27.52 MB used.
      Class:      3.60 MB used.
       Both:     31.12 MB used.

Virtual space:
  Non-class space:       64.00 MB reserved,      27.69 MB ( 43%) committed,  1 nodes.
      Class space:        1.00 GB reserved,       3.75 MB ( <1%) committed,  1 nodes.
             Both:        1.06 GB reserved,      31.44 MB (  3%) committed. 

Chunk freelists:
   Non-Class:  3.95 MB
       Class:  12.30 MB
        Both:  16.25 MB

MaxMetaspaceSize: unlimited
CompressedClassSpaceSize: 1.00 GB
Initial GC threshold: 21.00 MB
Current GC threshold: 35.00 MB
CDS: off
MetaspaceReclaimPolicy: balanced
 - commit_granule_bytes: 65536.
 - commit_granule_words: 8192.
 - virtual_space_node_default_size: 8388608.
 - enlarge_chunks_in_place: 1.
 - new_chunks_are_fully_committed: 0.
 - uncommit_free_chunks: 1.
 - use_allocation_guard: 0.
 - handle_deallocations: 1.


Internal statistics:

num_allocs_failed_limit: 3.
num_arena_births: 270.
num_arena_deaths: 0.
num_vsnodes_births: 2.
num_vsnodes_deaths: 0.
num_space_committed: 503.
num_space_uncommitted: 0.
num_chunks_returned_to_freelist: 3.
num_chunks_taken_from_freelist: 1100.
num_chunk_merges: 3.
num_chunk_splits: 713.
num_chunks_enlarged: 505.
num_inconsistent_stats: 0.

CodeHeap 'non-profiled nmethods': size=120064Kb used=1878Kb max_used=1878Kb free=118185Kb
 bounds [0x000001c74a9d0000, 0x000001c74ac40000, 0x000001c751f10000]
CodeHeap 'profiled nmethods': size=120000Kb used=7662Kb max_used=7662Kb free=112337Kb
 bounds [0x000001c742f10000, 0x000001c743690000, 0x000001c74a440000]
CodeHeap 'non-nmethods': size=5696Kb used=1185Kb max_used=1238Kb free=4511Kb
 bounds [0x000001c74a440000, 0x000001c74a6b0000, 0x000001c74a9d0000]
 total_blobs=3993 nmethods=3523 adapters=384
 compilation: enabled
              stopped_count=0, restarted_count=0
 full_count=0

Compilation events (20 events):
Event: 9.195 Thread 0x000001c73f68d150 nmethod 3515 0x000001c743687e90 code [0x000001c743688020, 0x000001c743688158]
Event: 9.197 Thread 0x000001c73f68d150 3516       3       java.lang.invoke.MethodType::isConvertibleTo (164 bytes)
Event: 9.198 Thread 0x000001c73f68d150 nmethod 3516 0x000001c743688210 code [0x000001c743688460, 0x000001c743688de8]
Event: 9.198 Thread 0x000001c73f68d150 3517       3       java.lang.invoke.MethodHandleImpl::makePairwiseConvert (22 bytes)
Event: 9.198 Thread 0x000001c73f68d150 nmethod 3517 0x000001c743689090 code [0x000001c743689240, 0x000001c743689468]
Event: 9.198 Thread 0x000001c73f68d150 3518       3       java.lang.invoke.MethodHandleImpl::computeValueConversions (121 bytes)
Event: 9.198 Thread 0x000001c73f68d150 nmethod 3518 0x000001c743689590 code [0x000001c7436897a0, 0x000001c743689f58]
Event: 9.198 Thread 0x000001c73f68d150 3519       3       java.lang.invoke.MethodHandleImpl::countNonNull (42 bytes)
Event: 9.198 Thread 0x000001c73f68d150 nmethod 3519 0x000001c74368a310 code [0x000001c74368a4c0, 0x000001c74368a718]
Event: 9.199 Thread 0x000001c73f68d150 3520       3       java.util.BitSet::get (69 bytes)
Event: 9.199 Thread 0x000001c73f68d150 nmethod 3520 0x000001c74368a810 code [0x000001c74368aa60, 0x000001c74368b248]
Event: 9.200 Thread 0x000001c73f61e8f0 3521 %     4       jdk.internal.org.objectweb.asm.ClassReader::readUtf @ 18 (161 bytes)
Event: 9.207 Thread 0x000001c73f61e8f0 nmethod 3521% 0x000001c74aba3c90 code [0x000001c74aba3e40, 0x000001c74aba4618]
Event: 9.207 Thread 0x000001c73f61e8f0 3522       4       jdk.internal.org.objectweb.asm.ClassReader::readUtf (161 bytes)
Event: 9.216 Thread 0x000001c73f61e8f0 nmethod 3522 0x000001c74aba4a10 code [0x000001c74aba4ba0, 0x000001c74aba51b8]
Event: 9.230 Thread 0x000001c73f61e8f0 3523       4       sun.net.www.ParseUtil::firstEncodeIndex (86 bytes)
Event: 9.233 Thread 0x000001c73f61e8f0 nmethod 3523 0x000001c74aba5510 code [0x000001c74aba56a0, 0x000001c74aba5888]
Event: 9.238 Thread 0x000001c73f68d150 3524       3       java.lang.invoke.LambdaForm::returnType (26 bytes)
Event: 9.238 Thread 0x000001c73f68d150 nmethod 3524 0x000001c74368b590 code [0x000001c74368b740, 0x000001c74368b8f8]
Event: 9.238 Thread 0x000001c73f61e8f0 3525       4       jdk.internal.org.objectweb.asm.Frame::execute (2305 bytes)

GC Heap History (14 events):
Event: 1.313 GC heap before
{Heap before GC invocations=0 (full 0):
 def new generation   total 17216K, used 15360K [0x00000000c8c00000, 0x00000000c9ea0000, 0x00000000db2a0000)
  eden space 15360K, 100% used [0x00000000c8c00000, 0x00000000c9b00000, 0x00000000c9b00000)
  from space 1856K,   0% used [0x00000000c9b00000, 0x00000000c9b00000, 0x00000000c9cd0000)
  to   space 1856K,   0% used [0x00000000c9cd0000, 0x00000000c9cd0000, 0x00000000c9ea0000)
 tenured generation   total 38272K, used 0K [0x00000000db2a0000, 0x00000000dd800000, 0x0000000100000000)
   the space 38272K,   0% used [0x00000000db2a0000, 0x00000000db2a0000, 0x00000000db2a0200, 0x00000000dd800000)
 Metaspace       used 11577K, committed 11776K, reserved 1114112K
  class space    used 1092K, committed 1216K, reserved 1048576K
}
Event: 1.327 GC heap after
{Heap after GC invocations=1 (full 0):
 def new generation   total 17216K, used 1855K [0x00000000c8c00000, 0x00000000c9ea0000, 0x00000000db2a0000)
  eden space 15360K,   0% used [0x00000000c8c00000, 0x00000000c8c00000, 0x00000000c9b00000)
  from space 1856K,  99% used [0x00000000c9cd0000, 0x00000000c9e9fff8, 0x00000000c9ea0000)
  to   space 1856K,   0% used [0x00000000c9b00000, 0x00000000c9b00000, 0x00000000c9cd0000)
 tenured generation   total 38272K, used 3576K [0x00000000db2a0000, 0x00000000dd800000, 0x0000000100000000)
   the space 38272K,   9% used [0x00000000db2a0000, 0x00000000db61e098, 0x00000000db61e200, 0x00000000dd800000)
 Metaspace       used 11577K, committed 11776K, reserved 1114112K
  class space    used 1092K, committed 1216K, reserved 1048576K
}
Event: 2.240 GC heap before
{Heap before GC invocations=1 (full 0):
 def new generation   total 17216K, used 17215K [0x00000000c8c00000, 0x00000000c9ea0000, 0x00000000db2a0000)
  eden space 15360K, 100% used [0x00000000c8c00000, 0x00000000c9b00000, 0x00000000c9b00000)
  from space 1856K,  99% used [0x00000000c9cd0000, 0x00000000c9e9fff8, 0x00000000c9ea0000)
  to   space 1856K,   0% used [0x00000000c9b00000, 0x00000000c9b00000, 0x00000000c9cd0000)
 tenured generation   total 38272K, used 3576K [0x00000000db2a0000, 0x00000000dd800000, 0x0000000100000000)
   the space 38272K,   9% used [0x00000000db2a0000, 0x00000000db61e098, 0x00000000db61e200, 0x00000000dd800000)
 Metaspace       used 16178K, committed 16384K, reserved 1114112K
  class space    used 1654K, committed 1728K, reserved 1048576K
}
Event: 2.252 GC heap after
{Heap after GC invocations=2 (full 0):
 def new generation   total 17216K, used 1356K [0x00000000c8c00000, 0x00000000c9ea0000, 0x00000000db2a0000)
  eden space 15360K,   0% used [0x00000000c8c00000, 0x00000000c8c00000, 0x00000000c9b00000)
  from space 1856K,  73% used [0x00000000c9b00000, 0x00000000c9c53298, 0x00000000c9cd0000)
  to   space 1856K,   0% used [0x00000000c9cd0000, 0x00000000c9cd0000, 0x00000000c9ea0000)
 tenured generation   total 38272K, used 5385K [0x00000000db2a0000, 0x00000000dd800000, 0x0000000100000000)
   the space 38272K,  14% used [0x00000000db2a0000, 0x00000000db7e2620, 0x00000000db7e2800, 0x00000000dd800000)
 Metaspace       used 16178K, committed 16384K, reserved 1114112K
  class space    used 1654K, committed 1728K, reserved 1048576K
}
Event: 3.252 GC heap before
{Heap before GC invocations=2 (full 0):
 def new generation   total 17216K, used 16716K [0x00000000c8c00000, 0x00000000c9ea0000, 0x00000000db2a0000)
  eden space 15360K, 100% used [0x00000000c8c00000, 0x00000000c9b00000, 0x00000000c9b00000)
  from space 1856K,  73% used [0x00000000c9b00000, 0x00000000c9c53298, 0x00000000c9cd0000)
  to   space 1856K,   0% used [0x00000000c9cd0000, 0x00000000c9cd0000, 0x00000000c9ea0000)
 tenured generation   total 38272K, used 5385K [0x00000000db2a0000, 0x00000000dd800000, 0x0000000100000000)
   the space 38272K,  14% used [0x00000000db2a0000, 0x00000000db7e2620, 0x00000000db7e2800, 0x00000000dd800000)
 Metaspace       used 19977K, committed 20096K, reserved 1114112K
  class space    used 2170K, committed 2240K, reserved 1048576K
}
Event: 3.262 GC heap after
{Heap after GC invocations=3 (full 0):
 def new generation   total 17216K, used 1308K [0x00000000c8c00000, 0x00000000c9ea0000, 0x00000000db2a0000)
  eden space 15360K,   0% used [0x00000000c8c00000, 0x00000000c8c00000, 0x00000000c9b00000)
  from space 1856K,  70% used [0x00000000c9cd0000, 0x00000000c9e17358, 0x00000000c9ea0000)
  to   space 1856K,   0% used [0x00000000c9b00000, 0x00000000c9b00000, 0x00000000c9cd0000)
 tenured generation   total 38272K, used 6676K [0x00000000db2a0000, 0x00000000dd800000, 0x0000000100000000)
   the space 38272K,  17% used [0x00000000db2a0000, 0x00000000db9253d8, 0x00000000db925400, 0x00000000dd800000)
 Metaspace       used 19977K, committed 20096K, reserved 1114112K
  class space    used 2170K, committed 2240K, reserved 1048576K
}
Event: 3.949 GC heap before
{Heap before GC invocations=3 (full 0):
 def new generation   total 17216K, used 12736K [0x00000000c8c00000, 0x00000000c9ea0000, 0x00000000db2a0000)
  eden space 15360K,  74% used [0x00000000c8c00000, 0x00000000c9728da8, 0x00000000c9b00000)
  from space 1856K,  70% used [0x00000000c9cd0000, 0x00000000c9e17358, 0x00000000c9ea0000)
  to   space 1856K,   0% used [0x00000000c9b00000, 0x00000000c9b00000, 0x00000000c9cd0000)
 tenured generation   total 38272K, used 6676K [0x00000000db2a0000, 0x00000000dd800000, 0x0000000100000000)
   the space 38272K,  17% used [0x00000000db2a0000, 0x00000000db9253d8, 0x00000000db925400, 0x00000000dd800000)
 Metaspace       used 21345K, committed 21504K, reserved 1114112K
  class space    used 2295K, committed 2368K, reserved 1048576K
}
Event: 3.983 GC heap after
{Heap after GC invocations=4 (full 1):
 def new generation   total 17280K, used 0K [0x00000000c8c00000, 0x00000000c9ec0000, 0x00000000db2a0000)
  eden space 15360K,   0% used [0x00000000c8c00000, 0x00000000c8c00000, 0x00000000c9b00000)
  from space 1920K,   0% used [0x00000000c9b00000, 0x00000000c9b00000, 0x00000000c9ce0000)
  to   space 1920K,   0% used [0x00000000c9ce0000, 0x00000000c9ce0000, 0x00000000c9ec0000)
 tenured generation   total 38272K, used 8913K [0x00000000db2a0000, 0x00000000dd800000, 0x0000000100000000)
   the space 38272K,  23% used [0x00000000db2a0000, 0x00000000dbb54478, 0x00000000dbb54600, 0x00000000dd800000)
 Metaspace       used 21345K, committed 21504K, reserved 1114112K
  class space    used 2295K, committed 2368K, reserved 1048576K
}
Event: 4.818 GC heap before
{Heap before GC invocations=4 (full 1):
 def new generation   total 17280K, used 15360K [0x00000000c8c00000, 0x00000000c9ec0000, 0x00000000db2a0000)
  eden space 15360K, 100% used [0x00000000c8c00000, 0x00000000c9b00000, 0x00000000c9b00000)
  from space 1920K,   0% used [0x00000000c9b00000, 0x00000000c9b00000, 0x00000000c9ce0000)
  to   space 1920K,   0% used [0x00000000c9ce0000, 0x00000000c9ce0000, 0x00000000c9ec0000)
 tenured generation   total 38272K, used 8913K [0x00000000db2a0000, 0x00000000dd800000, 0x0000000100000000)
   the space 38272K,  23% used [0x00000000db2a0000, 0x00000000dbb54478, 0x00000000dbb54600, 0x00000000dd800000)
 Metaspace       used 23027K, committed 23232K, reserved 1114112K
  class space    used 2528K, committed 2624K, reserved 1048576K
}
Event: 4.823 GC heap after
{Heap after GC invocations=5 (full 1):
 def new generation   total 17280K, used 996K [0x00000000c8c00000, 0x00000000c9ec0000, 0x00000000db2a0000)
  eden space 15360K,   0% used [0x00000000c8c00000, 0x00000000c8c00000, 0x00000000c9b00000)
  from space 1920K,  51% used [0x00000000c9ce0000, 0x00000000c9dd9330, 0x00000000c9ec0000)
  to   space 1920K,   0% used [0x00000000c9b00000, 0x00000000c9b00000, 0x00000000c9ce0000)
 tenured generation   total 38272K, used 8913K [0x00000000db2a0000, 0x00000000dd800000, 0x0000000100000000)
   the space 38272K,  23% used [0x00000000db2a0000, 0x00000000dbb54478, 0x00000000dbb54600, 0x00000000dd800000)
 Metaspace       used 23027K, committed 23232K, reserved 1114112K
  class space    used 2528K, committed 2624K, reserved 1048576K
}
Event: 6.753 GC heap before
{Heap before GC invocations=5 (full 1):
 def new generation   total 17280K, used 16356K [0x00000000c8c00000, 0x00000000c9ec0000, 0x00000000db2a0000)
  eden space 15360K, 100% used [0x00000000c8c00000, 0x00000000c9b00000, 0x00000000c9b00000)
  from space 1920K,  51% used [0x00000000c9ce0000, 0x00000000c9dd9330, 0x00000000c9ec0000)
  to   space 1920K,   0% used [0x00000000c9b00000, 0x00000000c9b00000, 0x00000000c9ce0000)
 tenured generation   total 38272K, used 8913K [0x00000000db2a0000, 0x00000000dd800000, 0x0000000100000000)
   the space 38272K,  23% used [0x00000000db2a0000, 0x00000000dbb54478, 0x00000000dbb54600, 0x00000000dd800000)
 Metaspace       used 25665K, committed 25856K, reserved 1114112K
  class space    used 2900K, committed 3008K, reserved 1048576K
}
Event: 6.762 GC heap after
{Heap after GC invocations=6 (full 1):
 def new generation   total 17280K, used 1219K [0x00000000c8c00000, 0x00000000c9ec0000, 0x00000000db2a0000)
  eden space 15360K,   0% used [0x00000000c8c00000, 0x00000000c8c00000, 0x00000000c9b00000)
  from space 1920K,  63% used [0x00000000c9b00000, 0x00000000c9c30e88, 0x00000000c9ce0000)
  to   space 1920K,   0% used [0x00000000c9ce0000, 0x00000000c9ce0000, 0x00000000c9ec0000)
 tenured generation   total 38272K, used 9833K [0x00000000db2a0000, 0x00000000dd800000, 0x0000000100000000)
   the space 38272K,  25% used [0x00000000db2a0000, 0x00000000dbc3a658, 0x00000000dbc3a800, 0x00000000dd800000)
 Metaspace       used 25665K, committed 25856K, reserved 1114112K
  class space    used 2900K, committed 3008K, reserved 1048576K
}
Event: 8.309 GC heap before
{Heap before GC invocations=6 (full 1):
 def new generation   total 17280K, used 16579K [0x00000000c8c00000, 0x00000000c9ec0000, 0x00000000db2a0000)
  eden space 15360K, 100% used [0x00000000c8c00000, 0x00000000c9b00000, 0x00000000c9b00000)
  from space 1920K,  63% used [0x00000000c9b00000, 0x00000000c9c30e88, 0x00000000c9ce0000)
  to   space 1920K,   0% used [0x00000000c9ce0000, 0x00000000c9ce0000, 0x00000000c9ec0000)
 tenured generation   total 38272K, used 9833K [0x00000000db2a0000, 0x00000000dd800000, 0x0000000100000000)
   the space 38272K,  25% used [0x00000000db2a0000, 0x00000000dbc3a658, 0x00000000dbc3a800, 0x00000000dd800000)
 Metaspace       used 29305K, committed 29632K, reserved 1114112K
  class space    used 3429K, committed 3584K, reserved 1048576K
}
Event: 8.320 GC heap after
{Heap after GC invocations=7 (full 1):
 def new generation   total 17280K, used 1920K [0x00000000c8c00000, 0x00000000c9ec0000, 0x00000000db2a0000)
  eden space 15360K,   0% used [0x00000000c8c00000, 0x00000000c8c00000, 0x00000000c9b00000)
  from space 1920K, 100% used [0x00000000c9ce0000, 0x00000000c9ec0000, 0x00000000c9ec0000)
  to   space 1920K,   0% used [0x00000000c9b00000, 0x00000000c9b00000, 0x00000000c9ce0000)
 tenured generation   total 38272K, used 11022K [0x00000000db2a0000, 0x00000000dd800000, 0x0000000100000000)
   the space 38272K,  28% used [0x00000000db2a0000, 0x00000000dbd639f8, 0x00000000dbd63a00, 0x00000000dd800000)
 Metaspace       used 29305K, committed 29632K, reserved 1114112K
  class space    used 3429K, committed 3584K, reserved 1048576K
}

Dll operation events (9 events):
Event: 0.007 Loaded shared library C:\Users\nandagiri\.p2\pool\plugins\org.eclipse.justj.openjdk.hotspot.jre.full.win32.x86_64_17.0.8.v20230801-1951\jre\bin\java.dll
Event: 0.243 Loaded shared library C:\Users\nandagiri\.p2\pool\plugins\org.eclipse.justj.openjdk.hotspot.jre.full.win32.x86_64_17.0.8.v20230801-1951\jre\bin\net.dll
Event: 0.245 Loaded shared library C:\Users\nandagiri\.p2\pool\plugins\org.eclipse.justj.openjdk.hotspot.jre.full.win32.x86_64_17.0.8.v20230801-1951\jre\bin\nio.dll
Event: 0.253 Loaded shared library C:\Users\nandagiri\.p2\pool\plugins\org.eclipse.justj.openjdk.hotspot.jre.full.win32.x86_64_17.0.8.v20230801-1951\jre\bin\zip.dll
Event: 0.449 Loaded shared library C:\Users\nandagiri\.p2\pool\plugins\org.eclipse.justj.openjdk.hotspot.jre.full.win32.x86_64_17.0.8.v20230801-1951\jre\bin\verify.dll
Event: 0.459 Loaded shared library C:\Users\nandagiri\.p2\pool\plugins\org.eclipse.justj.openjdk.hotspot.jre.full.win32.x86_64_17.0.8.v20230801-1951\jre\bin\jimage.dll
Event: 1.279 Loaded shared library C:\Users\nandagiri\.p2\pool\plugins\org.eclipse.justj.openjdk.hotspot.jre.full.win32.x86_64_17.0.8.v20230801-1951\jre\bin\management.dll
Event: 1.282 Loaded shared library C:\Users\nandagiri\.p2\pool\plugins\org.eclipse.justj.openjdk.hotspot.jre.full.win32.x86_64_17.0.8.v20230801-1951\jre\bin\management_ext.dll
Event: 8.430 Loaded shared library C:\Users\nandagiri\.p2\pool\plugins\org.eclipse.justj.openjdk.hotspot.jre.full.win32.x86_64_17.0.8.v20230801-1951\jre\bin\sunmscapi.dll

Deoptimization events (20 events):
Event: 8.725 Thread 0x000001c756a207e0 DEOPT PACKING pc=0x000001c74aaf29e0 sp=0x000000b16f9fc7b0
Event: 8.725 Thread 0x000001c756a207e0 DEOPT UNPACKING pc=0x000001c74a499ea3 sp=0x000000b16f9fc800 mode 2
Event: 8.727 Thread 0x000001c756a207e0 Uncommon trap: trap_request=0xffffffde fr.pc=0x000001c74aaf29e0 relative=0x0000000000001880
Event: 8.727 Thread 0x000001c756a207e0 Uncommon trap: reason=class_check action=maybe_recompile pc=0x000001c74aaf29e0 method=java.util.zip.InflaterInputStream.read([BII)I @ 100 c2
Event: 8.727 Thread 0x000001c756a207e0 DEOPT PACKING pc=0x000001c74aaf29e0 sp=0x000000b16f9fc870
Event: 8.727 Thread 0x000001c756a207e0 DEOPT UNPACKING pc=0x000001c74a499ea3 sp=0x000000b16f9fc8c0 mode 2
Event: 8.727 Thread 0x000001c756a207e0 Uncommon trap: trap_request=0xffffffde fr.pc=0x000001c74aaf29e0 relative=0x0000000000001880
Event: 8.727 Thread 0x000001c756a207e0 Uncommon trap: reason=class_check action=maybe_recompile pc=0x000001c74aaf29e0 method=java.util.zip.InflaterInputStream.read([BII)I @ 100 c2
Event: 8.727 Thread 0x000001c756a207e0 DEOPT PACKING pc=0x000001c74aaf29e0 sp=0x000000b16f9fc7b0
Event: 8.727 Thread 0x000001c756a207e0 DEOPT UNPACKING pc=0x000001c74a499ea3 sp=0x000000b16f9fc800 mode 2
Event: 8.854 Thread 0x000001c756a207e0 DEOPT PACKING pc=0x000001c743645e97 sp=0x000000b16f9fc7c0
Event: 8.854 Thread 0x000001c756a207e0 DEOPT UNPACKING pc=0x000001c74a49a9e3 sp=0x000000b16f9fbd78 mode 0
Event: 9.008 Thread 0x000001c756a207e0 DEOPT PACKING pc=0x000001c743645e97 sp=0x000000b16f9fc7c0
Event: 9.008 Thread 0x000001c756a207e0 DEOPT UNPACKING pc=0x000001c74a49a9e3 sp=0x000000b16f9fbd78 mode 0
Event: 9.112 Thread 0x000001c756a207e0 DEOPT PACKING pc=0x000001c742f65834 sp=0x000000b16f9fd2d0
Event: 9.113 Thread 0x000001c756a207e0 DEOPT UNPACKING pc=0x000001c74a49a9e3 sp=0x000000b16f9fc740 mode 0
Event: 9.225 Thread 0x000001c756a207e0 DEOPT PACKING pc=0x000001c743122f9b sp=0x000000b16f9f9840
Event: 9.225 Thread 0x000001c756a207e0 DEOPT UNPACKING pc=0x000001c74a49a9e3 sp=0x000000b16f9f8cb0 mode 0
Event: 9.233 Thread 0x000001c756a207e0 DEOPT PACKING pc=0x000001c7435eb2b8 sp=0x000000b16f9facc0
Event: 9.233 Thread 0x000001c756a207e0 DEOPT UNPACKING pc=0x000001c74a49a9e3 sp=0x000000b16f9fa1d8 mode 0

Classes unloaded (0 events):
No events

Classes redefined (0 events):
No events

Internal exceptions (20 events):
Event: 7.090 Thread 0x000001c756a207e0 Implicit null exception at 0x000001c74aa751c0 to 0x000001c74aa75fb8
Event: 7.102 Thread 0x000001c756a207e0 Exception <a 'java/lang/NoSuchMethodError'{0x00000000c9124f90}: 'int java.lang.invoke.DirectMethodHandle$Holder.invokeSpecial(java.lang.Object, java.lang.Object, java.lang.Object, java.lang.Object, java.lang.Object)'> (0x00000000c9124f90) 
thrown [s\src\hotspot\share\interpreter\linkResolver.cpp, line 759]
Event: 7.250 Thread 0x000001c756a207e0 Exception <a 'java/lang/NoSuchMethodError'{0x00000000c92d4ee0}: 'java.lang.Object java.lang.invoke.DirectMethodHandle$Holder.invokeStatic(java.lang.Object, java.lang.Object, int)'> (0x00000000c92d4ee0) 
thrown [s\src\hotspot\share\interpreter\linkResolver.cpp, line 759]
Event: 7.261 Thread 0x000001c756a207e0 Exception <a 'java/lang/NoSuchMethodError'{0x00000000c92e0b28}: 'void java.lang.invoke.DelegatingMethodHandle$Holder.delegate(java.lang.Object, java.lang.Object, int, java.lang.Object)'> (0x00000000c92e0b28) 
thrown [s\src\hotspot\share\interpreter\linkResolver.cpp, line 759]
Event: 7.362 Thread 0x000001c756a207e0 Exception <a 'java/lang/NoSuchMethodError'{0x00000000c93840d8}: 'void java.lang.invoke.DirectMethodHandle$Holder.invokeStatic(java.lang.Object, java.lang.Object, int)'> (0x00000000c93840d8) 
thrown [s\src\hotspot\share\interpreter\linkResolver.cpp, line 759]
Event: 7.609 Thread 0x000001c756a207e0 Exception <a 'java/lang/NoSuchMethodError'{0x00000000c94c3550}: 'void java.lang.invoke.DirectMethodHandle$Holder.invokeInterface(java.lang.Object, java.lang.Object, int)'> (0x00000000c94c3550) 
thrown [s\src\hotspot\share\interpreter\linkResolver.cpp, line 759]
Event: 7.611 Thread 0x000001c756a207e0 Exception <a 'java/lang/NoSuchMethodError'{0x00000000c94dcfe8}: 'int java.lang.invoke.DirectMethodHandle$Holder.invokeVirtual(java.lang.Object, java.lang.Object)'> (0x00000000c94dcfe8) 
thrown [s\src\hotspot\share\interpreter\linkResolver.cpp, line 759]
Event: 7.617 Thread 0x000001c756a207e0 Exception <a 'java/lang/IncompatibleClassChangeError'{0x00000000c9516fa8}: Found class java.lang.Object, but interface was expected> (0x00000000c9516fa8) 
thrown [s\src\hotspot\share\interpreter\linkResolver.cpp, line 826]
Event: 7.618 Thread 0x000001c756a207e0 Exception <a 'java/lang/NoSuchMethodError'{0x00000000c951c130}: 'void java.lang.invoke.DirectMethodHandle$Holder.invokeStatic(java.lang.Object, int, java.lang.Object)'> (0x00000000c951c130) 
thrown [s\src\hotspot\share\interpreter\linkResolver.cpp, line 759]
Event: 7.620 Thread 0x000001c756a207e0 Exception <a 'java/lang/NoSuchMethodError'{0x00000000c952fd60}: 'long java.lang.invoke.DirectMethodHandle$Holder.invokeSpecial(java.lang.Object, java.lang.Object)'> (0x00000000c952fd60) 
thrown [s\src\hotspot\share\interpreter\linkResolver.cpp, line 759]
Event: 7.623 Thread 0x000001c756a207e0 Exception <a 'java/lang/NoSuchMethodError'{0x00000000c954f0d0}: 'int java.lang.invoke.DirectMethodHandle$Holder.invokeSpecial(java.lang.Object, java.lang.Object, int)'> (0x00000000c954f0d0) 
thrown [s\src\hotspot\share\interpreter\linkResolver.cpp, line 759]
Event: 8.133 Thread 0x000001c756a207e0 Exception <a 'java/lang/NoSuchMethodError'{0x00000000c990ba08}: 'java.lang.Object java.lang.invoke.DirectMethodHandle$Holder.invokeStaticInit(java.lang.Object, int, int, int, int)'> (0x00000000c990ba08) 
thrown [s\src\hotspot\share\interpreter\linkResolver.cpp, line 759]
Event: 8.204 Thread 0x000001c756a207e0 Exception <a 'java/lang/NoSuchMethodError'{0x00000000c994cb30}: 'java.lang.Object java.lang.invoke.DirectMethodHandle$Holder.invokeStaticInit(java.lang.Object, java.lang.Object, int, int, int, int)'> (0x00000000c994cb30) 
thrown [s\src\hotspot\share\interpreter\linkResolver.cpp, line 759]
Event: 8.589 Thread 0x000001c756a207e0 Exception <a 'sun/nio/fs/WindowsException'{0x00000000c92dd130}> (0x00000000c92dd130) 
thrown [s\src\hotspot\share\prims\jni.cpp, line 516]
Event: 8.590 Thread 0x000001c756a207e0 Exception <a 'sun/nio/fs/WindowsException'{0x00000000c92e2e18}> (0x00000000c92e2e18) 
thrown [s\src\hotspot\share\prims\jni.cpp, line 516]
Event: 8.590 Thread 0x000001c756a207e0 Exception <a 'sun/nio/fs/WindowsException'{0x00000000c92e3510}> (0x00000000c92e3510) 
thrown [s\src\hotspot\share\prims\jni.cpp, line 516]
Event: 8.721 Thread 0x000001c756a207e0 Implicit null exception at 0x000001c74aa81340 to 0x000001c74aa828cc
Event: 9.103 Thread 0x000001c756a207e0 Exception <a 'java/io/FileNotFoundException'{0x00000000c97a00b8}> (0x00000000c97a00b8) 
thrown [s\src\hotspot\share\prims\jni.cpp, line 516]
Event: 9.145 Thread 0x000001c756a207e0 Exception <a 'java/lang/NoSuchMethodError'{0x00000000c98c5b78}: 'int java.lang.invoke.DirectMethodHandle$Holder.invokeInterface(java.lang.Object, java.lang.Object, java.lang.Object, java.lang.Object)'> (0x00000000c98c5b78) 
thrown [s\src\hotspot\share\interpreter\linkResolver.cpp, line 759]
Event: 9.238 Thread 0x000001c756a207e0 Exception <a 'java/lang/NoSuchMethodError'{0x00000000c99f21c8}: 'java.lang.Object java.lang.invoke.DirectMethodHandle$Holder.invokeStaticInit(java.lang.Object, java.lang.Object, java.lang.Object)'> (0x00000000c99f21c8) 
thrown [s\src\hotspot\share\interpreter\linkResolver.cpp, line 759]

VM Operations (20 events):
Event: 6.800 Executing VM operation: HandshakeAllThreads
Event: 6.800 Executing VM operation: HandshakeAllThreads done
Event: 7.039 Executing VM operation: HandshakeAllThreads
Event: 7.039 Executing VM operation: HandshakeAllThreads done
Event: 7.250 Executing VM operation: HandshakeAllThreads
Event: 7.250 Executing VM operation: HandshakeAllThreads done
Event: 7.334 Executing VM operation: HandshakeAllThreads
Event: 7.334 Executing VM operation: HandshakeAllThreads done
Event: 7.678 Executing VM operation: ICBufferFull
Event: 7.679 Executing VM operation: ICBufferFull done
Event: 7.846 Executing VM operation: HandshakeAllThreads
Event: 7.846 Executing VM operation: HandshakeAllThreads done
Event: 8.116 Executing VM operation: HandshakeAllThreads
Event: 8.116 Executing VM operation: HandshakeAllThreads done
Event: 8.309 Executing VM operation: GenCollectForAllocation
Event: 8.321 Executing VM operation: GenCollectForAllocation done
Event: 8.436 Executing VM operation: HandshakeAllThreads
Event: 8.436 Executing VM operation: HandshakeAllThreads done
Event: 8.667 Executing VM operation: HandshakeAllThreads
Event: 8.667 Executing VM operation: HandshakeAllThreads done

Events (20 events):
Event: 8.725 loading class java/io/PushbackInputStream
Event: 8.725 loading class java/io/PushbackInputStream done
Event: 8.725 loading class sun/security/util/ManifestEntryVerifier
Event: 8.726 loading class sun/security/util/ManifestEntryVerifier done
Event: 9.018 loading class java/lang/instrument/IllegalClassFormatException
Event: 9.018 loading class java/lang/instrument/IllegalClassFormatException done
Event: 9.236 loading class javax/xml/transform/TransformerException
Event: 9.236 loading class javax/xml/transform/TransformerException done
Event: 9.237 loading class javax/xml/transform/Result
Event: 9.237 loading class javax/xml/transform/Result done
Event: 9.237 loading class javax/xml/transform/Source
Event: 9.237 loading class javax/xml/transform/Source done
Event: 9.237 loading class java/io/StringReader
Event: 9.237 loading class java/io/StringReader done
Event: 9.237 loading class org/w3c/dom/Node
Event: 9.237 loading class org/w3c/dom/Node done
Event: 9.237 loading class javax/xml/stream/XMLStreamException
Event: 9.237 loading class javax/xml/stream/XMLStreamException done
Event: 9.238 loading class sun/invoke/util/VerifyAccess$1
Event: 9.238 loading class sun/invoke/util/VerifyAccess$1 done


Dynamic libraries:
0x00007ff6e0a50000 - 0x00007ff6e0a5e000 	C:\Users\nandagiri\.p2\pool\plugins\org.eclipse.justj.openjdk.hotspot.jre.full.win32.x86_64_17.0.8.v20230801-1951\jre\bin\javaw.exe
0x00007ff86c250000 - 0x00007ff86c448000 	C:\Windows\SYSTEM32\ntdll.dll
0x00007ff86bf10000 - 0x00007ff86bfcf000 	C:\Windows\System32\KERNEL32.DLL
0x00007ff869a30000 - 0x00007ff869d26000 	C:\Windows\System32\KERNELBASE.dll
0x00007ff869930000 - 0x00007ff869a30000 	C:\Windows\System32\ucrtbase.dll
0x00007ff8527f0000 - 0x00007ff852807000 	C:\Users\nandagiri\.p2\pool\plugins\org.eclipse.justj.openjdk.hotspot.jre.full.win32.x86_64_17.0.8.v20230801-1951\jre\bin\jli.dll
0x00007ff86c070000 - 0x00007ff86c20d000 	C:\Windows\System32\USER32.dll
0x00007ff86a000000 - 0x00007ff86a022000 	C:\Windows\System32\win32u.dll
0x00007ff86b590000 - 0x00007ff86b5bc000 	C:\Windows\System32\GDI32.dll
0x00007ff86a140000 - 0x00007ff86a255000 	C:\Windows\System32\gdi32full.dll
0x00007ff86a0a0000 - 0x00007ff86a13d000 	C:\Windows\System32\msvcp_win.dll
0x00007ff8527d0000 - 0x00007ff8527e9000 	C:\Users\nandagiri\.p2\pool\plugins\org.eclipse.justj.openjdk.hotspot.jre.full.win32.x86_64_17.0.8.v20230801-1951\jre\bin\VCRUNTIME140.dll
0x00007ff84add0000 - 0x00007ff84b06a000 	C:\Windows\WinSxS\amd64_microsoft.windows.common-controls_6595b64144ccf1df_6.0.19041.1110_none_60b5254171f9507e\COMCTL32.dll
0x00007ff86bd30000 - 0x00007ff86bdce000 	C:\Windows\System32\msvcrt.dll
0x00007ff86af40000 - 0x00007ff86af70000 	C:\Windows\System32\IMM32.DLL
0x00007ff8527c0000 - 0x00007ff8527cc000 	C:\Users\nandagiri\.p2\pool\plugins\org.eclipse.justj.openjdk.hotspot.jre.full.win32.x86_64_17.0.8.v20230801-1951\jre\bin\vcruntime140_1.dll
0x00007ff842e40000 - 0x00007ff842ed1000 	C:\Users\nandagiri\.p2\pool\plugins\org.eclipse.justj.openjdk.hotspot.jre.full.win32.x86_64_17.0.8.v20230801-1951\jre\bin\msvcp140.dll
0x00007ff81db80000 - 0x00007ff81e7cc000 	C:\Users\nandagiri\.p2\pool\plugins\org.eclipse.justj.openjdk.hotspot.jre.full.win32.x86_64_17.0.8.v20230801-1951\jre\bin\server\jvm.dll
0x00007ff86b4e0000 - 0x00007ff86b58f000 	C:\Windows\System32\ADVAPI32.dll
0x00007ff86bfd0000 - 0x00007ff86c06c000 	C:\Windows\System32\sechost.dll
0x00007ff86bc00000 - 0x00007ff86bd26000 	C:\Windows\System32\RPCRT4.dll
0x00007ff869320000 - 0x00007ff86936b000 	C:\Windows\SYSTEM32\POWRPROF.dll
0x00007ff84d6f0000 - 0x00007ff84d6f9000 	C:\Windows\SYSTEM32\WSOCK32.dll
0x00007ff86b5e0000 - 0x00007ff86b64b000 	C:\Windows\System32\WS2_32.dll
0x00007ff846390000 - 0x00007ff8463b7000 	C:\Windows\SYSTEM32\WINMM.dll
0x00007ff861d10000 - 0x00007ff861d1a000 	C:\Windows\SYSTEM32\VERSION.dll
0x00007ff869300000 - 0x00007ff869312000 	C:\Windows\SYSTEM32\UMPDC.dll
0x00007ff8677f0000 - 0x00007ff867802000 	C:\Windows\SYSTEM32\kernel.appcore.dll
0x00007ff8613b0000 - 0x00007ff8613ba000 	C:\Users\nandagiri\.p2\pool\plugins\org.eclipse.justj.openjdk.hotspot.jre.full.win32.x86_64_17.0.8.v20230801-1951\jre\bin\jimage.dll
0x00007ff85ef70000 - 0x00007ff85f154000 	C:\Windows\SYSTEM32\DBGHELP.DLL
0x00007ff85ef00000 - 0x00007ff85ef34000 	C:\Windows\SYSTEM32\dbgcore.DLL
0x00007ff869f70000 - 0x00007ff869ff2000 	C:\Windows\System32\bcryptPrimitives.dll
0x00007ff857ec0000 - 0x00007ff857ee5000 	C:\Users\nandagiri\.p2\pool\plugins\org.eclipse.justj.openjdk.hotspot.jre.full.win32.x86_64_17.0.8.v20230801-1951\jre\bin\java.dll
0x00007ff857ea0000 - 0x00007ff857eb8000 	C:\Users\nandagiri\.p2\pool\plugins\org.eclipse.justj.openjdk.hotspot.jre.full.win32.x86_64_17.0.8.v20230801-1951\jre\bin\zip.dll
0x00007ff86a3e0000 - 0x00007ff86ab24000 	C:\Windows\System32\SHELL32.dll
0x00007ff8679f0000 - 0x00007ff868183000 	C:\Windows\SYSTEM32\windows.storage.dll
0x00007ff86ab30000 - 0x00007ff86ae84000 	C:\Windows\System32\combase.dll
0x00007ff869370000 - 0x00007ff86939e000 	C:\Windows\SYSTEM32\Wldp.dll
0x00007ff86ae90000 - 0x00007ff86af3d000 	C:\Windows\System32\SHCORE.dll
0x00007ff86b480000 - 0x00007ff86b4d5000 	C:\Windows\System32\shlwapi.dll
0x00007ff869860000 - 0x00007ff869885000 	C:\Windows\SYSTEM32\profapi.dll
0x00007ff852d60000 - 0x00007ff852d79000 	C:\Users\nandagiri\.p2\pool\plugins\org.eclipse.justj.openjdk.hotspot.jre.full.win32.x86_64_17.0.8.v20230801-1951\jre\bin\net.dll
0x00007ff861f10000 - 0x00007ff86201a000 	C:\Windows\SYSTEM32\WINHTTP.dll
0x00007ff869000000 - 0x00007ff86906a000 	C:\Windows\system32\mswsock.dll
0x00007ff852d40000 - 0x00007ff852d55000 	C:\Users\nandagiri\.p2\pool\plugins\org.eclipse.justj.openjdk.hotspot.jre.full.win32.x86_64_17.0.8.v20230801-1951\jre\bin\nio.dll
0x00007ff8611f0000 - 0x00007ff861200000 	C:\Users\nandagiri\.p2\pool\plugins\org.eclipse.justj.openjdk.hotspot.jre.full.win32.x86_64_17.0.8.v20230801-1951\jre\bin\verify.dll
0x00007ff8527b0000 - 0x00007ff8527b9000 	C:\Users\nandagiri\.p2\pool\plugins\org.eclipse.justj.openjdk.hotspot.jre.full.win32.x86_64_17.0.8.v20230801-1951\jre\bin\management.dll
0x00007ff8527a0000 - 0x00007ff8527ab000 	C:\Users\nandagiri\.p2\pool\plugins\org.eclipse.justj.openjdk.hotspot.jre.full.win32.x86_64_17.0.8.v20230801-1951\jre\bin\management_ext.dll
0x00007ff86b6b0000 - 0x00007ff86b6b8000 	C:\Windows\System32\PSAPI.DLL
0x00007ff865410000 - 0x00007ff865427000 	C:\Windows\system32\napinsp.dll
0x00007ff8653f0000 - 0x00007ff86540b000 	C:\Windows\system32\pnrpnsp.dll
0x00007ff8653d0000 - 0x00007ff8653e5000 	C:\Windows\system32\wshbth.dll
0x00007ff8650a0000 - 0x00007ff8650bd000 	C:\Windows\system32\NLAapi.dll
0x00007ff868cf0000 - 0x00007ff868d2b000 	C:\Windows\SYSTEM32\IPHLPAPI.DLL
0x00007ff868d40000 - 0x00007ff868e0a000 	C:\Windows\SYSTEM32\DNSAPI.dll
0x00007ff86bdd0000 - 0x00007ff86bdd8000 	C:\Windows\System32\NSI.dll
0x00007ff8583b0000 - 0x00007ff8583c2000 	C:\Windows\System32\winrnr.dll
0x00007ff860bf0000 - 0x00007ff860bfa000 	C:\Windows\System32\rasadhlp.dll
0x00007ff860b00000 - 0x00007ff860b82000 	C:\Windows\System32\fwpuclnt.dll
0x00007ff869d30000 - 0x00007ff869d57000 	C:\Windows\System32\bcrypt.dll
0x00007ff8691f0000 - 0x00007ff869208000 	C:\Windows\SYSTEM32\CRYPTSP.dll
0x00007ff868910000 - 0x00007ff868944000 	C:\Windows\system32\rsaenh.dll
0x00007ff8697e0000 - 0x00007ff86980e000 	C:\Windows\SYSTEM32\USERENV.dll
0x00007ff869210000 - 0x00007ff86921c000 	C:\Windows\SYSTEM32\CRYPTBASE.dll
0x00007ff8627f0000 - 0x00007ff862807000 	C:\Windows\SYSTEM32\dhcpcsvc6.DLL
0x00007ff8627d0000 - 0x00007ff8627ed000 	C:\Windows\SYSTEM32\dhcpcsvc.DLL
0x00007ff852d30000 - 0x00007ff852d3e000 	C:\Users\nandagiri\.p2\pool\plugins\org.eclipse.justj.openjdk.hotspot.jre.full.win32.x86_64_17.0.8.v20230801-1951\jre\bin\sunmscapi.dll
0x00007ff869d60000 - 0x00007ff869ebe000 	C:\Windows\System32\CRYPT32.dll
0x00007ff8693e0000 - 0x00007ff869408000 	C:\Windows\SYSTEM32\ncrypt.dll
0x00007ff8693a0000 - 0x00007ff8693db000 	C:\Windows\SYSTEM32\NTASN1.dll

dbghelp: loaded successfully - version: 4.0.5 - missing functions: none
symbol engine: initialized successfully - sym options: 0x614 - pdb path: .;C:\Users\nandagiri\.p2\pool\plugins\org.eclipse.justj.openjdk.hotspot.jre.full.win32.x86_64_17.0.8.v20230801-1951\jre\bin;C:\Windows\SYSTEM32;C:\Windows\WinSxS\amd64_microsoft.windows.common-controls_6595b64144ccf1df_6.0.19041.1110_none_60b5254171f9507e;C:\Users\nandagiri\.p2\pool\plugins\org.eclipse.justj.openjdk.hotspot.jre.full.win32.x86_64_17.0.8.v20230801-1951\jre\bin\server

VM Arguments:
jvm_args: -Dfile.encoding=UTF-8 -XX:+ShowCodeDetailsInExceptionMessages 
java_command: com.hcl.EmployeeRestfulApiApplication
java_class_path (initial): C:\Users\nandagiri\Downloads\EmployeeRestfulApi\EmployeeRestfulApi\target\classes;C:\Users\nandagiri\.m2\repository\org\springframework\boot\spring-boot-starter-data-jpa\2.7.2\spring-boot-starter-data-jpa-2.7.2.jar;C:\Users\nandagiri\.m2\repository\org\springframework\boot\spring-boot-starter-aop\2.7.2\spring-boot-starter-aop-2.7.2.jar;C:\Users\nandagiri\.m2\repository\org\springframework\spring-aop\5.3.22\spring-aop-5.3.22.jar;C:\Users\nandagiri\.m2\repository\org\aspectj\aspectjweaver\1.9.7\aspectjweaver-1.9.7.jar;C:\Users\nandagiri\.m2\repository\org\springframework\boot\spring-boot-starter-jdbc\2.7.2\spring-boot-starter-jdbc-2.7.2.jar;C:\Users\nandagiri\.m2\repository\com\zaxxer\HikariCP\4.0.3\HikariCP-4.0.3.jar;C:\Users\nandagiri\.m2\repository\org\springframework\spring-jdbc\5.3.22\spring-jdbc-5.3.22.jar;C:\Users\nandagiri\.m2\repository\jakarta\transaction\jakarta.transaction-api\1.3.3\jakarta.transaction-api-1.3.3.jar;C:\Users\nandagiri\.m2\repository\jakarta\persistence\jakarta.persistence-api\2.2.3\jakarta.persistence-api-2.2.3.jar;C:\Users\nandagiri\.m2\repository\org\hibernate\hibernate-core\5.6.10.Final\hibernate-core-5.6.10.Final.jar;C:\Users\nandagiri\.m2\repository\org\jboss\logging\jboss-logging\3.4.3.Final\jboss-logging-3.4.3.Final.jar;C:\Users\nandagiri\.m2\repository\net\bytebuddy\byte-buddy\1.12.12\byte-buddy-1.12.12.jar;C:\Users\nandagiri\.m2\repository\antlr\antlr\2.7.7\antlr-2.7.7.jar;C:\Users\nandagiri\.m2\repository\org\jboss\jandex\2.4.2.Final\jandex-2.4.2.Final.jar;C:\Users\nandagiri\.m2\repository\com\fasterxml\classmate\1.5.1\classmate-1.5.1.jar;C:\Users\nandagiri\.m2\repository\org\hibernate\common\hibernate-commons-annotations\5.1.2.Final\hibernate-commons-annotations-5.1.2.Final.jar;C:\Users\nandagiri\.m2\repository\org\glassfish\jaxb\jaxb-runtime\2.3.6\jaxb-runtime-2.3.6.jar;C:\Users\nandagiri\.m2\repository\org\glassfish\jaxb\txw2\2.3.6\txw2-2.3.6.jar;C:\Users\nandagiri\.m2\repository\com\sun\istack\ist
Launcher Type: SUN_STANDARD

[Global flags]
     intx CICompilerCount                          = 2                                         {product} {ergonomic}
   size_t InitialHeapSize                          = 58720256                                  {product} {ergonomic}
   size_t MaxHeapSize                              = 926941184                                 {product} {ergonomic}
   size_t MaxNewSize                               = 308936704                                 {product} {ergonomic}
   size_t MinHeapDeltaBytes                        = 196608                                    {product} {ergonomic}
   size_t MinHeapSize                              = 8388608                                   {product} {ergonomic}
   size_t NewSize                                  = 19529728                                  {product} {ergonomic}
    uintx NonNMethodCodeHeapSize                   = 5826188                                {pd product} {ergonomic}
    uintx NonProfiledCodeHeapSize                  = 122916026                              {pd product} {ergonomic}
   size_t OldSize                                  = 39190528                                  {product} {ergonomic}
    uintx ProfiledCodeHeapSize                     = 122916026                              {pd product} {ergonomic}
    uintx ReservedCodeCacheSize                    = 251658240                              {pd product} {ergonomic}
     bool SegmentedCodeCache                       = true                                      {product} {ergonomic}
     bool ShowCodeDetailsInExceptionMessages       = true                                   {manageable} {command line}
   size_t SoftMaxHeapSize                          = 926941184                              {manageable} {ergonomic}
     bool UseCompressedClassPointers               = true                           {product lp64_product} {ergonomic}
     bool UseCompressedOops                        = true                           {product lp64_product} {ergonomic}
     bool UseLargePagesIndividualAllocation        = false                                  {pd product} {ergonomic}
     bool UseSerialGC                              = true                                      {product} {ergonomic}

Logging:
Log output configuration:
 #0: stdout all=warning uptime,level,tags
 #1: stderr all=off uptime,level,tags

Environment Variables:
JAVA_HOME=C:\Program Files\Java\jdk-20
PATH=C:/Users/nandagiri/.p2/pool/plugins/org.eclipse.justj.openjdk.hotspot.jre.full.win32.x86_64_17.0.8.v20230801-1951/jre/bin/server;C:/Users/nandagiri/.p2/pool/plugins/org.eclipse.justj.openjdk.hotspot.jre.full.win32.x86_64_17.0.8.v20230801-1951/jre/bin;C:\Program Files\Common Files\Oracle\Java\javapath;C:\Windows\system32;C:\Windows;C:\Windows\System32\Wbem;C:\Windows\System32\WindowsPowerShell\v1.0\;C:\Windows\System32\OpenSSH\;C:\Program Files\Java\jdk-20\bin;C:\Program Files\MySQL\MySQL Server 8.0\bin;C:\Program Files\Java\jdk-20\bin;C:\Program Files\MySQL\MySQL Shell 8.0\bin\;C:\Users\nandagiri\AppData\Local\Microsoft\WindowsApps;;C:\Users\nandagiri\Desktop;
USERNAME=nandagiri
OS=Windows_NT
PROCESSOR_IDENTIFIER=Intel64 Family 6 Model 85 Stepping 7, GenuineIntel
TMP=C:\Users\NANDAG~1\AppData\Local\Temp
TEMP=C:\Users\NANDAG~1\AppData\Local\Temp



---------------  S Y S T E M  ---------------

OS:
 Windows 10 , 64 bit Build 19041 (10.0.19041.3155)
OS uptime: 0 days 0:58 hours
Hyper-V virtualization detected

CPU: total 1 (initial active 1) (1 cores per cpu, 1 threads per core) family 6 model 85 stepping 7 microcode 0xffffffff, cx8, cmov, fxsr, mmx, 3dnowpref, sse, sse2, sse3, ssse3, sse4.1, sse4.2, popcnt, lzcnt, tsc, avx, avx2, aes, erms, clmul, bmi1, bmi2, rtm, adx, avx512f, avx512dq, avx512cd, avx512bw, avx512vl, fma, vzeroupper, avx512_vnni, clflush, clflushopt, clwb, hv
Processor Information for all 1 processors :
  Max Mhz: 2594, Current Mhz: 2594, Mhz Limit: 2594

Memory: 4k page, system-wide physical 3532M (407M free)
TotalPageFile size 4428M (AvailPageFile size 5M)
current process WorkingSet (physical memory assigned to process): 135M, peak: 135M
current process commit charge ("private bytes"): 146M, peak: 148M

vm_info: OpenJDK 64-Bit Server VM (17.0.8+7) for windows-amd64 JRE (17.0.8+7), built on Jul 18 2023 21:02:32 by "admin" with MS VC++ 16.7 (VS2019)

END.
