#
# There is insufficient memory for the Java Runtime Environment to continue.
# Native memory allocation (malloc) failed to allocate 664496 bytes for Chunk::new
# Possible reasons:
#   The system is out of physical RAM or swap space
#   The process is running with CompressedOops enabled, and the Java Heap may be blocking the growth of the native heap
# Possible solutions:
#   Reduce memory load on the system
#   Increase physical memory or swap space
#   Check if swap backing store is full
#   Decrease Java heap size (-Xmx/-Xms)
#   Decrease number of Java threads
#   Decrease Java thread stack sizes (-Xss)
#   Set larger code cache with -XX:ReservedCodeCacheSize=
#   JVM is running with Unscaled Compressed Oops mode in which the Java heap is
#     placed in the first 4GB address space. The Java Heap base address is the
#     maximum limit for the native heap growth. Please use -XX:HeapBaseMinAddress
#     to set the Java Heap base and to place the Java Heap above 4GB virtual address.
# This output file may be truncated or incomplete.
#
#  Out of Memory Error (arena.cpp:189), pid=3852, tid=7952
#
# JRE version: OpenJDK Runtime Environment Temurin-17.0.8+7 (17.0.8+7) (build 17.0.8+7)
# Java VM: OpenJDK 64-Bit Server VM Temurin-17.0.8+7 (17.0.8+7, mixed mode, tiered, compressed oops, compressed class ptrs, serial gc, windows-amd64)
# No core dump will be written. Minidumps are not enabled by default on client versions of Windows
#

---------------  S U M M A R Y ------------

Command Line: -Dfile.encoding=UTF-8 -XX:+ShowCodeDetailsInExceptionMessages com.hcl.EmployeeRestfulApiApplication

Host: Intel(R) Xeon(R) Platinum 8272CL CPU @ 2.60GHz, 1 cores, 3G,  Windows 10 , 64 bit Build 19041 (10.0.19041.3155)
Time: Wed Aug 30 05:25:09 2023 Coordinated Universal Time elapsed time: 3.059750 seconds (0d 0h 0m 3s)

---------------  T H R E A D  ---------------

Current thread (0x000001a6f3c3e8f0):  JavaThread "C2 CompilerThread0" daemon [_thread_in_native, id=7952, stack(0x0000003b35c00000,0x0000003b35d00000)]


Current CompileTask:
C2:   3059 1784       4       jdk.internal.org.objectweb.asm.Frame::execute (2305 bytes)

Stack: [0x0000003b35c00000,0x0000003b35d00000]
Native frames: (J=compiled Java code, j=interpreted, Vv=VM code, C=native code)
V  [jvm.dll+0x678b0a]
V  [jvm.dll+0x835e84]
V  [jvm.dll+0x83762e]
V  [jvm.dll+0x837c93]
V  [jvm.dll+0x24746f]
V  [jvm.dll+0xac20c]
V  [jvm.dll+0xac7dc]
V  [jvm.dll+0x2ae7af]
V  [jvm.dll+0x581427]
V  [jvm.dll+0x222602]
V  [jvm.dll+0x21b7f4]
V  [jvm.dll+0x218f0b]
V  [jvm.dll+0x1a534d]
V  [jvm.dll+0x228d8a]
V  [jvm.dll+0x226dcc]
V  [jvm.dll+0x7ec09b]
V  [jvm.dll+0x7e64ca]
V  [jvm.dll+0x677955]
C  [ucrtbase.dll+0x21bb2]
C  [KERNEL32.DLL+0x17614]
C  [ntdll.dll+0x526b1]


---------------  P R O C E S S  ---------------

Threads class SMR info:
_java_thread_list=0x000001a6f89f9900, length=14, elements={
0x000001a6df78ea40, 0x000001a6f3bf7800, 0x000001a6f3bfa060, 0x000001a6f3c37b60,
0x000001a6f3c38630, 0x000001a6f3c39100, 0x000001a6f3c3bbe0, 0x000001a6f3c3e8f0,
0x000001a6f3cad150, 0x000001a6f3caf220, 0x000001a6f80af010, 0x000001a6f80bb280,
0x000001a6f89ab950, 0x000001a6f88fba20
}

Java Threads: ( => current thread )
  0x000001a6df78ea40 JavaThread "main" [_thread_blocked, id=6652, stack(0x0000003b35400000,0x0000003b35500000)]
  0x000001a6f3bf7800 JavaThread "Reference Handler" daemon [_thread_blocked, id=4124, stack(0x0000003b35600000,0x0000003b35700000)]
  0x000001a6f3bfa060 JavaThread "Finalizer" daemon [_thread_blocked, id=6536, stack(0x0000003b35700000,0x0000003b35800000)]
  0x000001a6f3c37b60 JavaThread "Signal Dispatcher" daemon [_thread_blocked, id=5000, stack(0x0000003b35800000,0x0000003b35900000)]
  0x000001a6f3c38630 JavaThread "Attach Listener" daemon [_thread_blocked, id=6460, stack(0x0000003b35900000,0x0000003b35a00000)]
  0x000001a6f3c39100 JavaThread "Service Thread" daemon [_thread_blocked, id=3808, stack(0x0000003b35a00000,0x0000003b35b00000)]
  0x000001a6f3c3bbe0 JavaThread "Monitor Deflation Thread" daemon [_thread_blocked, id=4512, stack(0x0000003b35b00000,0x0000003b35c00000)]
=>0x000001a6f3c3e8f0 JavaThread "C2 CompilerThread0" daemon [_thread_in_native, id=7952, stack(0x0000003b35c00000,0x0000003b35d00000)]
  0x000001a6f3cad150 JavaThread "C1 CompilerThread0" daemon [_thread_blocked, id=2788, stack(0x0000003b35d00000,0x0000003b35e00000)]
  0x000001a6f3caf220 JavaThread "Sweeper thread" daemon [_thread_blocked, id=944, stack(0x0000003b35e00000,0x0000003b35f00000)]
  0x000001a6f80af010 JavaThread "Notification Thread" daemon [_thread_blocked, id=6640, stack(0x0000003b35f00000,0x0000003b36000000)]
  0x000001a6f80bb280 JavaThread "Common-Cleaner" daemon [_thread_blocked, id=7208, stack(0x0000003b36100000,0x0000003b36200000)]
  0x000001a6f89ab950 JavaThread "Thread-0" [_thread_blocked, id=2820, stack(0x0000003b36200000,0x0000003b36300000)]
  0x000001a6f88fba20 JavaThread "restartedMain" [_thread_in_Java, id=7752, stack(0x0000003b36300000,0x0000003b36400000)]

Other Threads:
  0x000001a6f3bf0e70 VMThread "VM Thread" [stack: 0x0000003b35500000,0x0000003b35600000] [id=5164]
  0x000001a6f80af4f0 WatcherThread [stack: 0x0000003b36000000,0x0000003b36100000] [id=8008]

Threads with active compile tasks:
C2 CompilerThread0     3083 1784       4       jdk.internal.org.objectweb.asm.Frame::execute (2305 bytes)

VM state: not at safepoint (normal execution)

VM Mutex/Monitor currently owned by a thread: None

Heap address: 0x00000000c8c00000, size: 884 MB, Compressed Oops mode: 32-bit

CDS archive(s) not mapped
Compressed class space mapped at: 0x0000000100000000-0x0000000140000000, reserved size: 1073741824
Narrow klass base: 0x0000000000000000, Narrow klass shift: 3, Narrow klass range: 0x140000000

GC Precious Log:
 CPUs: 1 total, 1 available
 Memory: 3532M
 Large Page Support: Disabled
 NUMA Support: Disabled
 Compressed Oops: Enabled (32-bit)
 Heap Min Capacity: 8M
 Heap Initial Capacity: 56M
 Heap Max Capacity: 884M
 Pre-touch: Disabled

Heap:
 def new generation   total 17216K, used 13670K [0x00000000c8c00000, 0x00000000c9ea0000, 0x00000000db2a0000)
  eden space 15360K,  80% used [0x00000000c8c00000, 0x00000000c98066f8, 0x00000000c9b00000)
  from space 1856K,  73% used [0x00000000c9b00000, 0x00000000c9c53388, 0x00000000c9cd0000)
  to   space 1856K,   0% used [0x00000000c9cd0000, 0x00000000c9cd0000, 0x00000000c9ea0000)
 tenured generation   total 38272K, used 5385K [0x00000000db2a0000, 0x00000000dd800000, 0x0000000100000000)
   the space 38272K,  14% used [0x00000000db2a0000, 0x00000000db7e2640, 0x00000000db7e2800, 0x00000000dd800000)
 Metaspace       used 19506K, committed 19648K, reserved 1114112K
  class space    used 2114K, committed 2176K, reserved 1048576K

Card table byte_map: [0x000001a6f3810000,0x000001a6f39d0000] _byte_map_base: 0x000001a6f31ca000

Polling page: 0x000001a6df610000

Metaspace:

Usage:
  Non-class:     16.98 MB used.
      Class:      2.07 MB used.
       Both:     19.05 MB used.

Virtual space:
  Non-class space:       64.00 MB reserved,      17.06 MB ( 27%) committed,  1 nodes.
      Class space:        1.00 GB reserved,       2.12 MB ( <1%) committed,  1 nodes.
             Both:        1.06 GB reserved,      19.19 MB (  2%) committed. 

Chunk freelists:
   Non-Class:  14.56 MB
       Class:  13.89 MB
        Both:  28.45 MB

MaxMetaspaceSize: unlimited
CompressedClassSpaceSize: 1.00 GB
Initial GC threshold: 21.00 MB
Current GC threshold: 21.00 MB
CDS: off
MetaspaceReclaimPolicy: balanced
 - commit_granule_bytes: 65536.
 - commit_granule_words: 8192.
 - virtual_space_node_default_size: 8388608.
 - enlarge_chunks_in_place: 1.
 - new_chunks_are_fully_committed: 0.
 - uncommit_free_chunks: 1.
 - use_allocation_guard: 0.
 - handle_deallocations: 1.


Internal statistics:

num_allocs_failed_limit: 0.
num_arena_births: 124.
num_arena_deaths: 0.
num_vsnodes_births: 2.
num_vsnodes_deaths: 0.
num_space_committed: 307.
num_space_uncommitted: 0.
num_chunks_returned_to_freelist: 0.
num_chunks_taken_from_freelist: 455.
num_chunk_merges: 0.
num_chunk_splits: 295.
num_chunks_enlarged: 226.
num_inconsistent_stats: 0.

CodeHeap 'non-profiled nmethods': size=120064Kb used=598Kb max_used=598Kb free=119465Kb
 bounds [0x000001a6ec0f0000, 0x000001a6ec360000, 0x000001a6f3630000]
CodeHeap 'profiled nmethods': size=120000Kb used=3344Kb max_used=3344Kb free=116655Kb
 bounds [0x000001a6e4630000, 0x000001a6e4980000, 0x000001a6ebb60000]
CodeHeap 'non-nmethods': size=5696Kb used=1168Kb max_used=1189Kb free=4527Kb
 bounds [0x000001a6ebb60000, 0x000001a6ebdd0000, 0x000001a6ec0f0000]
 total_blobs=2249 nmethods=1801 adapters=362
 compilation: enabled
              stopped_count=0, restarted_count=0
 full_count=0

Compilation events (20 events):
Event: 3.002 Thread 0x000001a6f3cad150 nmethod 1775 0x000001a6e4963b10 code [0x000001a6e4963cc0, 0x000001a6e4963ec8]
Event: 3.002 Thread 0x000001a6f3c3e8f0 1776       4       java.lang.StringLatin1::indexOf (25 bytes)
Event: 3.003 Thread 0x000001a6f3c3e8f0 nmethod 1776 0x000001a6ec184a10 code [0x000001a6ec184b80, 0x000001a6ec184d98]
Event: 3.003 Thread 0x000001a6f3c3e8f0 1777       4       java.lang.String::indexOf (64 bytes)
Event: 3.004 Thread 0x000001a6f3c3e8f0 nmethod 1777 0x000001a6ec184e90 code [0x000001a6ec185000, 0x000001a6ec185258]
Event: 3.010 Thread 0x000001a6f3cad150 1778       1       java.lang.reflect.Method::getSharedExceptionTypes (5 bytes)
Event: 3.010 Thread 0x000001a6f3cad150 nmethod 1778 0x000001a6ec185310 code [0x000001a6ec1854a0, 0x000001a6ec185578]
Event: 3.010 Thread 0x000001a6f3cad150 1779       3       java.lang.reflect.Proxy$ProxyBuilder::addElementTypes (33 bytes)
Event: 3.011 Thread 0x000001a6f3cad150 nmethod 1779 0x000001a6e4963f90 code [0x000001a6e49641a0, 0x000001a6e4964868]
Event: 3.011 Thread 0x000001a6f3cad150 1780       3       java.lang.Module::implIsExportedOrOpen (92 bytes)
Event: 3.011 Thread 0x000001a6f3cad150 nmethod 1780 0x000001a6e4964b90 code [0x000001a6e4964dc0, 0x000001a6e49654d8]
Event: 3.012 Thread 0x000001a6f3cad150 1781       1       jdk.internal.org.objectweb.asm.SymbolTable::getClassName (5 bytes)
Event: 3.012 Thread 0x000001a6f3cad150 nmethod 1781 0x000001a6ec185610 code [0x000001a6ec1857a0, 0x000001a6ec185878]
Event: 3.012 Thread 0x000001a6f3cad150 1782       3       java.lang.Class::privateGetDeclaredMethods (64 bytes)
Event: 3.013 Thread 0x000001a6f3cad150 nmethod 1782 0x000001a6e4965690 code [0x000001a6e49658a0, 0x000001a6e4965fd8]
Event: 3.013 Thread 0x000001a6f3cad150 1783       3       java.lang.Module::isExported (18 bytes)
Event: 3.014 Thread 0x000001a6f3cad150 nmethod 1783 0x000001a6e4966210 code [0x000001a6e49663e0, 0x000001a6e49667e8]
Event: 3.014 Thread 0x000001a6f3c3e8f0 1784       4       jdk.internal.org.objectweb.asm.Frame::execute (2305 bytes)
Event: 3.054 Thread 0x000001a6f3cad150 1785       3       jdk.internal.org.objectweb.asm.SymbolTable::addConstant (330 bytes)
Event: 3.056 Thread 0x000001a6f3cad150 nmethod 1785 0x000001a6e4966990 code [0x000001a6e4966f00, 0x000001a6e4969f58]

GC Heap History (4 events):
Event: 1.290 GC heap before
{Heap before GC invocations=0 (full 0):
 def new generation   total 17216K, used 15360K [0x00000000c8c00000, 0x00000000c9ea0000, 0x00000000db2a0000)
  eden space 15360K, 100% used [0x00000000c8c00000, 0x00000000c9b00000, 0x00000000c9b00000)
  from space 1856K,   0% used [0x00000000c9b00000, 0x00000000c9b00000, 0x00000000c9cd0000)
  to   space 1856K,   0% used [0x00000000c9cd0000, 0x00000000c9cd0000, 0x00000000c9ea0000)
 tenured generation   total 38272K, used 0K [0x00000000db2a0000, 0x00000000dd800000, 0x0000000100000000)
   the space 38272K,   0% used [0x00000000db2a0000, 0x00000000db2a0000, 0x00000000db2a0200, 0x00000000dd800000)
 Metaspace       used 11577K, committed 11776K, reserved 1114112K
  class space    used 1092K, committed 1216K, reserved 1048576K
}
Event: 1.305 GC heap after
{Heap after GC invocations=1 (full 0):
 def new generation   total 17216K, used 1855K [0x00000000c8c00000, 0x00000000c9ea0000, 0x00000000db2a0000)
  eden space 15360K,   0% used [0x00000000c8c00000, 0x00000000c8c00000, 0x00000000c9b00000)
  from space 1856K,  99% used [0x00000000c9cd0000, 0x00000000c9e9fff8, 0x00000000c9ea0000)
  to   space 1856K,   0% used [0x00000000c9b00000, 0x00000000c9b00000, 0x00000000c9cd0000)
 tenured generation   total 38272K, used 3576K [0x00000000db2a0000, 0x00000000dd800000, 0x0000000100000000)
   the space 38272K,   9% used [0x00000000db2a0000, 0x00000000db61e098, 0x00000000db61e200, 0x00000000dd800000)
 Metaspace       used 11577K, committed 11776K, reserved 1114112K
  class space    used 1092K, committed 1216K, reserved 1048576K
}
Event: 2.478 GC heap before
{Heap before GC invocations=1 (full 0):
 def new generation   total 17216K, used 17215K [0x00000000c8c00000, 0x00000000c9ea0000, 0x00000000db2a0000)
  eden space 15360K, 100% used [0x00000000c8c00000, 0x00000000c9b00000, 0x00000000c9b00000)
  from space 1856K,  99% used [0x00000000c9cd0000, 0x00000000c9e9fff8, 0x00000000c9ea0000)
  to   space 1856K,   0% used [0x00000000c9b00000, 0x00000000c9b00000, 0x00000000c9cd0000)
 tenured generation   total 38272K, used 3576K [0x00000000db2a0000, 0x00000000dd800000, 0x0000000100000000)
   the space 38272K,   9% used [0x00000000db2a0000, 0x00000000db61e098, 0x00000000db61e200, 0x00000000dd800000)
 Metaspace       used 16178K, committed 16384K, reserved 1114112K
  class space    used 1654K, committed 1728K, reserved 1048576K
}
Event: 2.491 GC heap after
{Heap after GC invocations=2 (full 0):
 def new generation   total 17216K, used 1356K [0x00000000c8c00000, 0x00000000c9ea0000, 0x00000000db2a0000)
  eden space 15360K,   0% used [0x00000000c8c00000, 0x00000000c8c00000, 0x00000000c9b00000)
  from space 1856K,  73% used [0x00000000c9b00000, 0x00000000c9c53388, 0x00000000c9cd0000)
  to   space 1856K,   0% used [0x00000000c9cd0000, 0x00000000c9cd0000, 0x00000000c9ea0000)
 tenured generation   total 38272K, used 5385K [0x00000000db2a0000, 0x00000000dd800000, 0x0000000100000000)
   the space 38272K,  14% used [0x00000000db2a0000, 0x00000000db7e2640, 0x00000000db7e2800, 0x00000000dd800000)
 Metaspace       used 16178K, committed 16384K, reserved 1114112K
  class space    used 1654K, committed 1728K, reserved 1048576K
}

Dll operation events (8 events):
Event: 0.007 Loaded shared library C:\Users\nandagiri\.p2\pool\plugins\org.eclipse.justj.openjdk.hotspot.jre.full.win32.x86_64_17.0.8.v20230801-1951\jre\bin\java.dll
Event: 0.271 Loaded shared library C:\Users\nandagiri\.p2\pool\plugins\org.eclipse.justj.openjdk.hotspot.jre.full.win32.x86_64_17.0.8.v20230801-1951\jre\bin\net.dll
Event: 0.273 Loaded shared library C:\Users\nandagiri\.p2\pool\plugins\org.eclipse.justj.openjdk.hotspot.jre.full.win32.x86_64_17.0.8.v20230801-1951\jre\bin\nio.dll
Event: 0.280 Loaded shared library C:\Users\nandagiri\.p2\pool\plugins\org.eclipse.justj.openjdk.hotspot.jre.full.win32.x86_64_17.0.8.v20230801-1951\jre\bin\zip.dll
Event: 0.473 Loaded shared library C:\Users\nandagiri\.p2\pool\plugins\org.eclipse.justj.openjdk.hotspot.jre.full.win32.x86_64_17.0.8.v20230801-1951\jre\bin\verify.dll
Event: 0.484 Loaded shared library C:\Users\nandagiri\.p2\pool\plugins\org.eclipse.justj.openjdk.hotspot.jre.full.win32.x86_64_17.0.8.v20230801-1951\jre\bin\jimage.dll
Event: 1.254 Loaded shared library C:\Users\nandagiri\.p2\pool\plugins\org.eclipse.justj.openjdk.hotspot.jre.full.win32.x86_64_17.0.8.v20230801-1951\jre\bin\management.dll
Event: 1.258 Loaded shared library C:\Users\nandagiri\.p2\pool\plugins\org.eclipse.justj.openjdk.hotspot.jre.full.win32.x86_64_17.0.8.v20230801-1951\jre\bin\management_ext.dll

Deoptimization events (20 events):
Event: 2.925 Thread 0x000001a6f88fba20 Uncommon trap: trap_request=0xffffff45 fr.pc=0x000001a6ec130078 relative=0x0000000000000258
Event: 2.925 Thread 0x000001a6f88fba20 Uncommon trap: reason=unstable_if action=reinterpret pc=0x000001a6ec130078 method=java.util.concurrent.ConcurrentHashMap.get(Ljava/lang/Object;)Ljava/lang/Object; @ 76 c2
Event: 2.925 Thread 0x000001a6f88fba20 DEOPT PACKING pc=0x000001a6ec130078 sp=0x0000003b363fc9b0
Event: 2.925 Thread 0x000001a6f88fba20 DEOPT UNPACKING pc=0x000001a6ebbb9ea3 sp=0x0000003b363fc928 mode 2
Event: 2.977 Thread 0x000001a6f88fba20 Uncommon trap: trap_request=0xffffff45 fr.pc=0x000001a6ec119c0c relative=0x000000000000078c
Event: 2.977 Thread 0x000001a6f88fba20 Uncommon trap: reason=unstable_if action=reinterpret pc=0x000001a6ec119c0c method=java.util.zip.ZipCoder.hash(Ljava/lang/String;)I @ 23 c2
Event: 2.977 Thread 0x000001a6f88fba20 DEOPT PACKING pc=0x000001a6ec119c0c sp=0x0000003b363fd760
Event: 2.977 Thread 0x000001a6f88fba20 DEOPT UNPACKING pc=0x000001a6ebbb9ea3 sp=0x0000003b363fd610 mode 2
Event: 2.977 Thread 0x000001a6f88fba20 Uncommon trap: trap_request=0xffffff45 fr.pc=0x000001a6ec1186bc relative=0x000000000000055c
Event: 2.977 Thread 0x000001a6f88fba20 Uncommon trap: reason=unstable_if action=reinterpret pc=0x000001a6ec1186bc method=java.util.zip.ZipCoder.hash(Ljava/lang/String;)I @ 23 c2
Event: 2.977 Thread 0x000001a6f88fba20 DEOPT PACKING pc=0x000001a6ec1186bc sp=0x0000003b363fd6d0
Event: 2.977 Thread 0x000001a6f88fba20 DEOPT UNPACKING pc=0x000001a6ebbb9ea3 sp=0x0000003b363fd600 mode 2
Event: 2.977 Thread 0x000001a6f88fba20 Uncommon trap: trap_request=0xffffff45 fr.pc=0x000001a6ec116b68 relative=0x00000000000001c8
Event: 2.977 Thread 0x000001a6f88fba20 Uncommon trap: reason=unstable_if action=reinterpret pc=0x000001a6ec116b68 method=java.util.zip.ZipCoder.hash(Ljava/lang/String;)I @ 23 c2
Event: 2.977 Thread 0x000001a6f88fba20 DEOPT PACKING pc=0x000001a6ec116b68 sp=0x0000003b363fd660
Event: 2.977 Thread 0x000001a6f88fba20 DEOPT UNPACKING pc=0x000001a6ebbb9ea3 sp=0x0000003b363fd5f8 mode 2
Event: 2.981 Thread 0x000001a6f88fba20 Uncommon trap: trap_request=0xffffff45 fr.pc=0x000001a6ec114044 relative=0x0000000000000224
Event: 2.981 Thread 0x000001a6f88fba20 Uncommon trap: reason=unstable_if action=reinterpret pc=0x000001a6ec114044 method=java.util.StringTokenizer.scanToken(I)I @ 42 c2
Event: 2.981 Thread 0x000001a6f88fba20 DEOPT PACKING pc=0x000001a6ec114044 sp=0x0000003b363fd6e0
Event: 2.981 Thread 0x000001a6f88fba20 DEOPT UNPACKING pc=0x000001a6ebbb9ea3 sp=0x0000003b363fd670 mode 2

Classes unloaded (0 events):
No events

Classes redefined (0 events):
No events

Internal exceptions (20 events):
Event: 2.560 Thread 0x000001a6f88fba20 Exception <a 'java/lang/NoSuchMethodError'{0x00000000c8d048d8}: 'void java.lang.invoke.DirectMethodHandle$Holder.invokeSpecial(java.lang.Object, java.lang.Object, java.lang.Object)'> (0x00000000c8d048d8) 
thrown [s\src\hotspot\share\interpreter\linkResolver.cpp, line 759]
Event: 2.563 Thread 0x000001a6f88fba20 Exception <a 'java/lang/NoSuchMethodError'{0x00000000c8d0b008}: 'void java.lang.invoke.DirectMethodHandle$Holder.invokeSpecial(java.lang.Object, java.lang.Object, java.lang.Object, java.lang.Object, java.lang.Object)'> (0x00000000c8d0b008) 
thrown [s\src\hotspot\share\interpreter\linkResolver.cpp, line 759]
Event: 2.718 Thread 0x000001a6f88fba20 Implicit null exception at 0x000001a6ec148eaf to 0x000001a6ec149178
Event: 2.719 Thread 0x000001a6f88fba20 Implicit null exception at 0x000001a6ec130e2f to 0x000001a6ec1310f4
Event: 2.909 Thread 0x000001a6f88fba20 Exception <a 'java/lang/ClassNotFoundException'{0x00000000c9568e70}: java/lang/ObjectCustomizer> (0x00000000c9568e70) 
thrown [s\src\hotspot\share\classfile\systemDictionary.cpp, line 256]
Event: 2.912 Thread 0x000001a6f88fba20 Exception <a 'java/lang/IncompatibleClassChangeError'{0x00000000c956dd10}: Found class java.lang.Object, but interface was expected> (0x00000000c956dd10) 
thrown [s\src\hotspot\share\interpreter\linkResolver.cpp, line 826]
Event: 2.928 Thread 0x000001a6f88fba20 Exception <a 'java/lang/ClassNotFoundException'{0x00000000c958da80}: org/springframework/context/annotation/ConfigurationClassPostProcessorCustomizer> (0x00000000c958da80) 
thrown [s\src\hotspot\share\classfile\systemDictionary.cpp, line 256]
Event: 2.935 Thread 0x000001a6f88fba20 Exception <a 'java/lang/ClassNotFoundException'{0x00000000c95ad908}: org/springframework/beans/factory/support/BeanDefinitionRegistryPostProcessorCustomizer> (0x00000000c95ad908) 
thrown [s\src\hotspot\share\classfile\systemDictionary.cpp, line 256]
Event: 2.936 Thread 0x000001a6f88fba20 Exception <a 'java/lang/ClassNotFoundException'{0x00000000c95b3338}: org/springframework/beans/factory/config/BeanFactoryPostProcessorCustomizer> (0x00000000c95b3338) 
thrown [s\src\hotspot\share\classfile\systemDictionary.cpp, line 256]
Event: 2.938 Thread 0x000001a6f88fba20 Exception <a 'java/lang/ClassNotFoundException'{0x00000000c95b8ab8}: org/springframework/core/PriorityOrderedCustomizer> (0x00000000c95b8ab8) 
thrown [s\src\hotspot\share\classfile\systemDictionary.cpp, line 256]
Event: 2.938 Thread 0x000001a6f88fba20 Exception <a 'java/lang/ClassNotFoundException'{0x00000000c95bce68}: org/springframework/core/OrderedCustomizer> (0x00000000c95bce68) 
thrown [s\src\hotspot\share\classfile\systemDictionary.cpp, line 256]
Event: 2.939 Thread 0x000001a6f88fba20 Exception <a 'java/lang/ClassNotFoundException'{0x00000000c95c24b0}: org/springframework/context/ResourceLoaderAwareCustomizer> (0x00000000c95c24b0) 
thrown [s\src\hotspot\share\classfile\systemDictionary.cpp, line 256]
Event: 2.940 Thread 0x000001a6f88fba20 Exception <a 'java/lang/ClassNotFoundException'{0x00000000c95c7c48}: org/springframework/beans/factory/AwareCustomizer> (0x00000000c95c7c48) 
thrown [s\src\hotspot\share\classfile\systemDictionary.cpp, line 256]
Event: 2.940 Thread 0x000001a6f88fba20 Exception <a 'java/lang/ClassNotFoundException'{0x00000000c95cc3c8}: org/springframework/context/ApplicationStartupAwareCustomizer> (0x00000000c95cc3c8) 
thrown [s\src\hotspot\share\classfile\systemDictionary.cpp, line 256]
Event: 2.940 Thread 0x000001a6f88fba20 Exception <a 'java/lang/ClassNotFoundException'{0x00000000c95d1de8}: org/springframework/beans/factory/AwareCustomizer> (0x00000000c95d1de8) 
thrown [s\src\hotspot\share\classfile\systemDictionary.cpp, line 256]
Event: 2.941 Thread 0x000001a6f88fba20 Exception <a 'java/lang/ClassNotFoundException'{0x00000000c95d6598}: org/springframework/beans/factory/BeanClassLoaderAwareCustomizer> (0x00000000c95d6598) 
thrown [s\src\hotspot\share\classfile\systemDictionary.cpp, line 256]
Event: 2.942 Thread 0x000001a6f88fba20 Exception <a 'java/lang/ClassNotFoundException'{0x00000000c95dbd18}: org/springframework/beans/factory/AwareCustomizer> (0x00000000c95dbd18) 
thrown [s\src\hotspot\share\classfile\systemDictionary.cpp, line 256]
Event: 2.942 Thread 0x000001a6f88fba20 Exception <a 'java/lang/ClassNotFoundException'{0x00000000c95e04c8}: org/springframework/context/EnvironmentAwareCustomizer> (0x00000000c95e04c8) 
thrown [s\src\hotspot\share\classfile\systemDictionary.cpp, line 256]
Event: 2.942 Thread 0x000001a6f88fba20 Exception <a 'java/lang/ClassNotFoundException'{0x00000000c95e5be0}: org/springframework/beans/factory/AwareCustomizer> (0x00000000c95e5be0) 
thrown [s\src\hotspot\share\classfile\systemDictionary.cpp, line 256]
Event: 2.974 Thread 0x000001a6f88fba20 Exception <a 'java/lang/NoSuchMethodError'{0x00000000c96d82c0}: 'java.lang.Object java.lang.invoke.DirectMethodHandle$Holder.invokeVirtual(java.lang.Object, java.lang.Object, java.lang.Object)'> (0x00000000c96d82c0) 
thrown [s\src\hotspot\share\interpreter\linkResolver.cpp, line 759]

VM Operations (20 events):
Event: 0.984 Executing VM operation: HandshakeAllThreads
Event: 0.984 Executing VM operation: HandshakeAllThreads done
Event: 1.289 Executing VM operation: GenCollectForAllocation
Event: 1.305 Executing VM operation: GenCollectForAllocation done
Event: 1.762 Executing VM operation: HandshakeAllThreads
Event: 1.762 Executing VM operation: HandshakeAllThreads done
Event: 2.231 Executing VM operation: HandshakeAllThreads
Event: 2.231 Executing VM operation: HandshakeAllThreads done
Event: 2.478 Executing VM operation: GenCollectForAllocation
Event: 2.491 Executing VM operation: GenCollectForAllocation done
Event: 2.801 Executing VM operation: HandshakeAllThreads
Event: 2.801 Executing VM operation: HandshakeAllThreads done
Event: 2.831 Executing VM operation: HandshakeAllThreads
Event: 2.831 Executing VM operation: HandshakeAllThreads done
Event: 2.869 Executing VM operation: HandshakeAllThreads
Event: 2.869 Executing VM operation: HandshakeAllThreads done
Event: 2.924 Executing VM operation: HandshakeAllThreads
Event: 2.924 Executing VM operation: HandshakeAllThreads done
Event: 2.963 Executing VM operation: HandshakeAllThreads
Event: 2.963 Executing VM operation: HandshakeAllThreads done

Events (20 events):
Event: 2.929 loading class java/util/Hashtable$EntrySet
Event: 2.930 loading class java/util/Hashtable$EntrySet done
Event: 2.934 loading class java/util/AbstractList$ListItr
Event: 2.934 loading class java/util/AbstractList$Itr
Event: 2.934 loading class java/util/AbstractList$Itr done
Event: 2.934 loading class java/util/AbstractList$ListItr done
Event: 2.945 loading class java/util/concurrent/ConcurrentLinkedDeque$Itr
Event: 2.945 loading class java/util/concurrent/ConcurrentLinkedDeque$AbstractItr
Event: 2.946 loading class java/util/concurrent/ConcurrentLinkedDeque$AbstractItr done
Event: 2.946 loading class java/util/concurrent/ConcurrentLinkedDeque$Itr done
Event: 2.955 loading class java/net/SocketException
Event: 2.955 loading class java/net/SocketException done
Event: 2.982 loading class java/util/regex/Pattern$LazyLoop
Event: 2.982 loading class java/util/regex/Pattern$Loop
Event: 2.982 loading class java/util/regex/Pattern$Loop done
Event: 2.982 loading class java/util/regex/Pattern$LazyLoop done
Event: 2.982 loading class java/util/regex/Pattern$Prolog
Event: 2.982 loading class java/util/regex/Pattern$Prolog done
Event: 2.983 loading class java/util/regex/ASCII
Event: 2.983 loading class java/util/regex/ASCII done


Dynamic libraries:
0x00007ff6e0a50000 - 0x00007ff6e0a5e000 	C:\Users\nandagiri\.p2\pool\plugins\org.eclipse.justj.openjdk.hotspot.jre.full.win32.x86_64_17.0.8.v20230801-1951\jre\bin\javaw.exe
0x00007ff86c250000 - 0x00007ff86c448000 	C:\Windows\SYSTEM32\ntdll.dll
0x00007ff86bf10000 - 0x00007ff86bfcf000 	C:\Windows\System32\KERNEL32.DLL
0x00007ff869a30000 - 0x00007ff869d26000 	C:\Windows\System32\KERNELBASE.dll
0x00007ff869930000 - 0x00007ff869a30000 	C:\Windows\System32\ucrtbase.dll
0x00007ff8527f0000 - 0x00007ff852807000 	C:\Users\nandagiri\.p2\pool\plugins\org.eclipse.justj.openjdk.hotspot.jre.full.win32.x86_64_17.0.8.v20230801-1951\jre\bin\jli.dll
0x00007ff86c070000 - 0x00007ff86c20d000 	C:\Windows\System32\USER32.dll
0x00007ff86a000000 - 0x00007ff86a022000 	C:\Windows\System32\win32u.dll
0x00007ff86b590000 - 0x00007ff86b5bc000 	C:\Windows\System32\GDI32.dll
0x00007ff86a140000 - 0x00007ff86a255000 	C:\Windows\System32\gdi32full.dll
0x00007ff86a0a0000 - 0x00007ff86a13d000 	C:\Windows\System32\msvcp_win.dll
0x00007ff8527d0000 - 0x00007ff8527e9000 	C:\Users\nandagiri\.p2\pool\plugins\org.eclipse.justj.openjdk.hotspot.jre.full.win32.x86_64_17.0.8.v20230801-1951\jre\bin\VCRUNTIME140.dll
0x00007ff84add0000 - 0x00007ff84b06a000 	C:\Windows\WinSxS\amd64_microsoft.windows.common-controls_6595b64144ccf1df_6.0.19041.1110_none_60b5254171f9507e\COMCTL32.dll
0x00007ff86bd30000 - 0x00007ff86bdce000 	C:\Windows\System32\msvcrt.dll
0x00007ff86af40000 - 0x00007ff86af70000 	C:\Windows\System32\IMM32.DLL
0x00007ff8527c0000 - 0x00007ff8527cc000 	C:\Users\nandagiri\.p2\pool\plugins\org.eclipse.justj.openjdk.hotspot.jre.full.win32.x86_64_17.0.8.v20230801-1951\jre\bin\vcruntime140_1.dll
0x00007ff842e40000 - 0x00007ff842ed1000 	C:\Users\nandagiri\.p2\pool\plugins\org.eclipse.justj.openjdk.hotspot.jre.full.win32.x86_64_17.0.8.v20230801-1951\jre\bin\msvcp140.dll
0x00007ff81db80000 - 0x00007ff81e7cc000 	C:\Users\nandagiri\.p2\pool\plugins\org.eclipse.justj.openjdk.hotspot.jre.full.win32.x86_64_17.0.8.v20230801-1951\jre\bin\server\jvm.dll
0x00007ff86b4e0000 - 0x00007ff86b58f000 	C:\Windows\System32\ADVAPI32.dll
0x00007ff86bfd0000 - 0x00007ff86c06c000 	C:\Windows\System32\sechost.dll
0x00007ff86bc00000 - 0x00007ff86bd26000 	C:\Windows\System32\RPCRT4.dll
0x00007ff869320000 - 0x00007ff86936b000 	C:\Windows\SYSTEM32\POWRPROF.dll
0x00007ff84d6f0000 - 0x00007ff84d6f9000 	C:\Windows\SYSTEM32\WSOCK32.dll
0x00007ff86b5e0000 - 0x00007ff86b64b000 	C:\Windows\System32\WS2_32.dll
0x00007ff846390000 - 0x00007ff8463b7000 	C:\Windows\SYSTEM32\WINMM.dll
0x00007ff861d10000 - 0x00007ff861d1a000 	C:\Windows\SYSTEM32\VERSION.dll
0x00007ff869300000 - 0x00007ff869312000 	C:\Windows\SYSTEM32\UMPDC.dll
0x00007ff8677f0000 - 0x00007ff867802000 	C:\Windows\SYSTEM32\kernel.appcore.dll
0x00007ff8613b0000 - 0x00007ff8613ba000 	C:\Users\nandagiri\.p2\pool\plugins\org.eclipse.justj.openjdk.hotspot.jre.full.win32.x86_64_17.0.8.v20230801-1951\jre\bin\jimage.dll
0x00007ff85ef70000 - 0x00007ff85f154000 	C:\Windows\SYSTEM32\DBGHELP.DLL
0x00007ff85ef00000 - 0x00007ff85ef34000 	C:\Windows\SYSTEM32\dbgcore.DLL
0x00007ff869f70000 - 0x00007ff869ff2000 	C:\Windows\System32\bcryptPrimitives.dll
0x00007ff857ec0000 - 0x00007ff857ee5000 	C:\Users\nandagiri\.p2\pool\plugins\org.eclipse.justj.openjdk.hotspot.jre.full.win32.x86_64_17.0.8.v20230801-1951\jre\bin\java.dll
0x00007ff857ea0000 - 0x00007ff857eb8000 	C:\Users\nandagiri\.p2\pool\plugins\org.eclipse.justj.openjdk.hotspot.jre.full.win32.x86_64_17.0.8.v20230801-1951\jre\bin\zip.dll
0x00007ff86a3e0000 - 0x00007ff86ab24000 	C:\Windows\System32\SHELL32.dll
0x00007ff8679f0000 - 0x00007ff868183000 	C:\Windows\SYSTEM32\windows.storage.dll
0x00007ff86ab30000 - 0x00007ff86ae84000 	C:\Windows\System32\combase.dll
0x00007ff869370000 - 0x00007ff86939e000 	C:\Windows\SYSTEM32\Wldp.dll
0x00007ff86ae90000 - 0x00007ff86af3d000 	C:\Windows\System32\SHCORE.dll
0x00007ff86b480000 - 0x00007ff86b4d5000 	C:\Windows\System32\shlwapi.dll
0x00007ff869860000 - 0x00007ff869885000 	C:\Windows\SYSTEM32\profapi.dll
0x00007ff852d60000 - 0x00007ff852d79000 	C:\Users\nandagiri\.p2\pool\plugins\org.eclipse.justj.openjdk.hotspot.jre.full.win32.x86_64_17.0.8.v20230801-1951\jre\bin\net.dll
0x00007ff861f10000 - 0x00007ff86201a000 	C:\Windows\SYSTEM32\WINHTTP.dll
0x00007ff869000000 - 0x00007ff86906a000 	C:\Windows\system32\mswsock.dll
0x00007ff852d40000 - 0x00007ff852d55000 	C:\Users\nandagiri\.p2\pool\plugins\org.eclipse.justj.openjdk.hotspot.jre.full.win32.x86_64_17.0.8.v20230801-1951\jre\bin\nio.dll
0x00007ff8611f0000 - 0x00007ff861200000 	C:\Users\nandagiri\.p2\pool\plugins\org.eclipse.justj.openjdk.hotspot.jre.full.win32.x86_64_17.0.8.v20230801-1951\jre\bin\verify.dll
0x00007ff8527b0000 - 0x00007ff8527b9000 	C:\Users\nandagiri\.p2\pool\plugins\org.eclipse.justj.openjdk.hotspot.jre.full.win32.x86_64_17.0.8.v20230801-1951\jre\bin\management.dll
0x00007ff8527a0000 - 0x00007ff8527ab000 	C:\Users\nandagiri\.p2\pool\plugins\org.eclipse.justj.openjdk.hotspot.jre.full.win32.x86_64_17.0.8.v20230801-1951\jre\bin\management_ext.dll
0x00007ff86b6b0000 - 0x00007ff86b6b8000 	C:\Windows\System32\PSAPI.DLL
0x00007ff865410000 - 0x00007ff865427000 	C:\Windows\system32\napinsp.dll
0x00007ff8653f0000 - 0x00007ff86540b000 	C:\Windows\system32\pnrpnsp.dll
0x00007ff8653d0000 - 0x00007ff8653e5000 	C:\Windows\system32\wshbth.dll
0x00007ff8650a0000 - 0x00007ff8650bd000 	C:\Windows\system32\NLAapi.dll
0x00007ff868cf0000 - 0x00007ff868d2b000 	C:\Windows\SYSTEM32\IPHLPAPI.DLL
0x00007ff868d40000 - 0x00007ff868e0a000 	C:\Windows\SYSTEM32\DNSAPI.dll
0x00007ff86bdd0000 - 0x00007ff86bdd8000 	C:\Windows\System32\NSI.dll
0x00007ff8583b0000 - 0x00007ff8583c2000 	C:\Windows\System32\winrnr.dll
0x00007ff860bf0000 - 0x00007ff860bfa000 	C:\Windows\System32\rasadhlp.dll
0x00007ff860b00000 - 0x00007ff860b82000 	C:\Windows\System32\fwpuclnt.dll
0x00007ff869d30000 - 0x00007ff869d57000 	C:\Windows\System32\bcrypt.dll

dbghelp: loaded successfully - version: 4.0.5 - missing functions: none
symbol engine: initialized successfully - sym options: 0x614 - pdb path: .;C:\Users\nandagiri\.p2\pool\plugins\org.eclipse.justj.openjdk.hotspot.jre.full.win32.x86_64_17.0.8.v20230801-1951\jre\bin;C:\Windows\SYSTEM32;C:\Windows\WinSxS\amd64_microsoft.windows.common-controls_6595b64144ccf1df_6.0.19041.1110_none_60b5254171f9507e;C:\Users\nandagiri\.p2\pool\plugins\org.eclipse.justj.openjdk.hotspot.jre.full.win32.x86_64_17.0.8.v20230801-1951\jre\bin\server

VM Arguments:
jvm_args: -Dfile.encoding=UTF-8 -XX:+ShowCodeDetailsInExceptionMessages 
java_command: com.hcl.EmployeeRestfulApiApplication
java_class_path (initial): C:\Users\nandagiri\Downloads\EmployeeRestfulApi\EmployeeRestfulApi\target\classes;C:\Users\nandagiri\.m2\repository\org\springframework\boot\spring-boot-starter-data-jpa\2.7.2\spring-boot-starter-data-jpa-2.7.2.jar;C:\Users\nandagiri\.m2\repository\org\springframework\boot\spring-boot-starter-aop\2.7.2\spring-boot-starter-aop-2.7.2.jar;C:\Users\nandagiri\.m2\repository\org\springframework\spring-aop\5.3.22\spring-aop-5.3.22.jar;C:\Users\nandagiri\.m2\repository\org\aspectj\aspectjweaver\1.9.7\aspectjweaver-1.9.7.jar;C:\Users\nandagiri\.m2\repository\org\springframework\boot\spring-boot-starter-jdbc\2.7.2\spring-boot-starter-jdbc-2.7.2.jar;C:\Users\nandagiri\.m2\repository\com\zaxxer\HikariCP\4.0.3\HikariCP-4.0.3.jar;C:\Users\nandagiri\.m2\repository\org\springframework\spring-jdbc\5.3.22\spring-jdbc-5.3.22.jar;C:\Users\nandagiri\.m2\repository\jakarta\transaction\jakarta.transaction-api\1.3.3\jakarta.transaction-api-1.3.3.jar;C:\Users\nandagiri\.m2\repository\jakarta\persistence\jakarta.persistence-api\2.2.3\jakarta.persistence-api-2.2.3.jar;C:\Users\nandagiri\.m2\repository\org\hibernate\hibernate-core\5.6.10.Final\hibernate-core-5.6.10.Final.jar;C:\Users\nandagiri\.m2\repository\org\jboss\logging\jboss-logging\3.4.3.Final\jboss-logging-3.4.3.Final.jar;C:\Users\nandagiri\.m2\repository\net\bytebuddy\byte-buddy\1.12.12\byte-buddy-1.12.12.jar;C:\Users\nandagiri\.m2\repository\antlr\antlr\2.7.7\antlr-2.7.7.jar;C:\Users\nandagiri\.m2\repository\org\jboss\jandex\2.4.2.Final\jandex-2.4.2.Final.jar;C:\Users\nandagiri\.m2\repository\com\fasterxml\classmate\1.5.1\classmate-1.5.1.jar;C:\Users\nandagiri\.m2\repository\org\hibernate\common\hibernate-commons-annotations\5.1.2.Final\hibernate-commons-annotations-5.1.2.Final.jar;C:\Users\nandagiri\.m2\repository\org\glassfish\jaxb\jaxb-runtime\2.3.6\jaxb-runtime-2.3.6.jar;C:\Users\nandagiri\.m2\repository\org\glassfish\jaxb\txw2\2.3.6\txw2-2.3.6.jar;C:\Users\nandagiri\.m2\repository\com\sun\istack\ist
Launcher Type: SUN_STANDARD

[Global flags]
     intx CICompilerCount                          = 2                                         {product} {ergonomic}
   size_t InitialHeapSize                          = 58720256                                  {product} {ergonomic}
   size_t MaxHeapSize                              = 926941184                                 {product} {ergonomic}
   size_t MaxNewSize                               = 308936704                                 {product} {ergonomic}
   size_t MinHeapDeltaBytes                        = 196608                                    {product} {ergonomic}
   size_t MinHeapSize                              = 8388608                                   {product} {ergonomic}
   size_t NewSize                                  = 19529728                                  {product} {ergonomic}
    uintx NonNMethodCodeHeapSize                   = 5826188                                {pd product} {ergonomic}
    uintx NonProfiledCodeHeapSize                  = 122916026                              {pd product} {ergonomic}
   size_t OldSize                                  = 39190528                                  {product} {ergonomic}
    uintx ProfiledCodeHeapSize                     = 122916026                              {pd product} {ergonomic}
    uintx ReservedCodeCacheSize                    = 251658240                              {pd product} {ergonomic}
     bool SegmentedCodeCache                       = true                                      {product} {ergonomic}
     bool ShowCodeDetailsInExceptionMessages       = true                                   {manageable} {command line}
   size_t SoftMaxHeapSize                          = 926941184                              {manageable} {ergonomic}
     bool UseCompressedClassPointers               = true                           {product lp64_product} {ergonomic}
     bool UseCompressedOops                        = true                           {product lp64_product} {ergonomic}
     bool UseLargePagesIndividualAllocation        = false                                  {pd product} {ergonomic}
     bool UseSerialGC                              = true                                      {product} {ergonomic}

Logging:
Log output configuration:
 #0: stdout all=warning uptime,level,tags
 #1: stderr all=off uptime,level,tags

Environment Variables:
JAVA_HOME=C:\Program Files\Java\jdk-20
PATH=C:/Users/nandagiri/.p2/pool/plugins/org.eclipse.justj.openjdk.hotspot.jre.full.win32.x86_64_17.0.8.v20230801-1951/jre/bin/server;C:/Users/nandagiri/.p2/pool/plugins/org.eclipse.justj.openjdk.hotspot.jre.full.win32.x86_64_17.0.8.v20230801-1951/jre/bin;C:\Program Files\Common Files\Oracle\Java\javapath;C:\Windows\system32;C:\Windows;C:\Windows\System32\Wbem;C:\Windows\System32\WindowsPowerShell\v1.0\;C:\Windows\System32\OpenSSH\;C:\Program Files\Java\jdk-20\bin;C:\Program Files\MySQL\MySQL Server 8.0\bin;C:\Program Files\Java\jdk-20\bin;C:\Program Files\MySQL\MySQL Shell 8.0\bin\;C:\Users\nandagiri\AppData\Local\Microsoft\WindowsApps;;C:\Users\nandagiri\Desktop;
USERNAME=nandagiri
OS=Windows_NT
PROCESSOR_IDENTIFIER=Intel64 Family 6 Model 85 Stepping 7, GenuineIntel
TMP=C:\Users\NANDAG~1\AppData\Local\Temp
TEMP=C:\Users\NANDAG~1\AppData\Local\Temp



---------------  S Y S T E M  ---------------

OS:
 Windows 10 , 64 bit Build 19041 (10.0.19041.3155)
OS uptime: 0 days 0:15 hours
Hyper-V virtualization detected

CPU: total 1 (initial active 1) (1 cores per cpu, 1 threads per core) family 6 model 85 stepping 7 microcode 0xffffffff, cx8, cmov, fxsr, mmx, 3dnowpref, sse, sse2, sse3, ssse3, sse4.1, sse4.2, popcnt, lzcnt, tsc, avx, avx2, aes, erms, clmul, bmi1, bmi2, rtm, adx, avx512f, avx512dq, avx512cd, avx512bw, avx512vl, fma, vzeroupper, avx512_vnni, clflush, clflushopt, clwb, hv
Processor Information for all 1 processors :
  Max Mhz: 2594, Current Mhz: 2594, Mhz Limit: 2594

Memory: 4k page, system-wide physical 3532M (277M free)
TotalPageFile size 4428M (AvailPageFile size 5M)
current process WorkingSet (physical memory assigned to process): 89M, peak: 89M
current process commit charge ("private bytes"): 107M, peak: 108M

vm_info: OpenJDK 64-Bit Server VM (17.0.8+7) for windows-amd64 JRE (17.0.8+7), built on Jul 18 2023 21:02:32 by "admin" with MS VC++ 16.7 (VS2019)

END.
