#
# There is insufficient memory for the Java Runtime Environment to continue.
# Native memory allocation (malloc) failed to allocate 32744 bytes for ChunkPool::allocate
# Possible reasons:
#   The system is out of physical RAM or swap space
#   The process is running with CompressedOops enabled, and the Java Heap may be blocking the growth of the native heap
# Possible solutions:
#   Reduce memory load on the system
#   Increase physical memory or swap space
#   Check if swap backing store is full
#   Decrease Java heap size (-Xmx/-Xms)
#   Decrease number of Java threads
#   Decrease Java thread stack sizes (-Xss)
#   Set larger code cache with -XX:ReservedCodeCacheSize=
#   JVM is running with Unscaled Compressed Oops mode in which the Java heap is
#     placed in the first 4GB address space. The Java Heap base address is the
#     maximum limit for the native heap growth. Please use -XX:HeapBaseMinAddress
#     to set the Java Heap base and to place the Java Heap above 4GB virtual address.
# This output file may be truncated or incomplete.
#
#  Out of Memory Error (arena.cpp:78), pid=5308, tid=4160
#
# JRE version: OpenJDK Runtime Environment Temurin-17.0.8+7 (17.0.8+7) (build 17.0.8+7)
# Java VM: OpenJDK 64-Bit Server VM Temurin-17.0.8+7 (17.0.8+7, mixed mode, tiered, compressed oops, compressed class ptrs, serial gc, windows-amd64)
# No core dump will be written. Minidumps are not enabled by default on client versions of Windows
#

---------------  S U M M A R Y ------------

Command Line: -Dfile.encoding=UTF-8 -XX:+ShowCodeDetailsInExceptionMessages com.hcl.EmployeeRestfulApiApplication

Host: Intel(R) Xeon(R) Platinum 8272CL CPU @ 2.60GHz, 1 cores, 3G,  Windows 10 , 64 bit Build 19041 (10.0.19041.3155)
Time: Wed Aug 30 05:27:05 2023 Coordinated Universal Time elapsed time: 0.743418 seconds (0d 0h 0m 0s)

---------------  T H R E A D  ---------------

Current thread (0x0000021da4fbd150):  JavaThread "C1 CompilerThread0" daemon [_thread_in_native, id=4160, stack(0x000000b30df00000,0x000000b30e000000)]


Current CompileTask:
C1:    743  530       3       java.net.URLStreamHandler::
[error occurred during error reporting (printing current compile task), id 0xe0000001, Out of Memory Error (s\src\hotspot\share\memory\arena.cpp:78)]

Stack: [0x000000b30df00000,0x000000b30e000000]
Native frames: (J=compiled Java code, j=interpreted, Vv=VM code, C=native code)
V  [jvm.dll+0x678b0a]
V  [jvm.dll+0x835e84]
V  [jvm.dll+0x83762e]
V  [jvm.dll+0x837c93]
V  [jvm.dll+0x24746f]
V  [jvm.dll+0xac42c]
V  [jvm.dll+0xac7dc]
V  [jvm.dll+0x7a45cd]
V  [jvm.dll+0x62c6b5]
V  [jvm.dll+0x22d8f6]
V  [jvm.dll+0x22de77]
V  [jvm.dll+0x835d1a]
V  [jvm.dll+0x83762e]
V  [jvm.dll+0x837c93]
V  [jvm.dll+0x24746f]
V  [jvm.dll+0xac42c]
V  [jvm.dll+0xac7dc]
V  [jvm.dll+0x14dfda]
V  [jvm.dll+0x142025]
V  [jvm.dll+0x13fe54]
V  [jvm.dll+0x14882d]
V  [jvm.dll+0x147d55]
V  [jvm.dll+0x13f5be]
V  [jvm.dll+0x141b75]
V  [jvm.dll+0x13fe54]
V  [jvm.dll+0x139dcf]
V  [jvm.dll+0x149946]
V  [jvm.dll+0x1354d0]
V  [jvm.dll+0x135830]
V  [jvm.dll+0x135af6]
V  [jvm.dll+0x134f8a]
V  [jvm.dll+0x136c51]
V  [jvm.dll+0x228d8a]
V  [jvm.dll+0x226dcc]
V  [jvm.dll+0x7ec09b]
V  [jvm.dll+0x7e64ca]
V  [jvm.dll+0x677955]
C  [ucrtbase.dll+0x21bb2]
C  [KERNEL32.DLL+0x17614]
C  [ntdll.dll+0x526b1]


---------------  P R O C E S S  ---------------

Threads class SMR info:
_java_thread_list=0x0000021db78bbc20, length=12, elements={
0x0000021da517ea40, 0x0000021da4f07800, 0x0000021da4f0a060, 0x0000021da4f47b60,
0x0000021da4f48630, 0x0000021da4f49100, 0x0000021da4f4bbe0, 0x0000021da4f4e8f0,
0x0000021da4fbd150, 0x0000021da4fbf220, 0x0000021db78ef010, 0x0000021db78fb280
}

Java Threads: ( => current thread )
  0x0000021da517ea40 JavaThread "main" [_thread_in_vm, id=7468, stack(0x000000b30d600000,0x000000b30d700000)]
  0x0000021da4f07800 JavaThread "Reference Handler" daemon [_thread_blocked, id=6828, stack(0x000000b30d800000,0x000000b30d900000)]
  0x0000021da4f0a060 JavaThread "Finalizer" daemon [_thread_blocked, id=5288, stack(0x000000b30d900000,0x000000b30da00000)]
  0x0000021da4f47b60 JavaThread "Signal Dispatcher" daemon [_thread_blocked, id=8088, stack(0x000000b30da00000,0x000000b30db00000)]
  0x0000021da4f48630 JavaThread "Attach Listener" daemon [_thread_blocked, id=5576, stack(0x000000b30db00000,0x000000b30dc00000)]
  0x0000021da4f49100 JavaThread "Service Thread" daemon [_thread_blocked, id=7420, stack(0x000000b30dc00000,0x000000b30dd00000)]
  0x0000021da4f4bbe0 JavaThread "Monitor Deflation Thread" daemon [_thread_blocked, id=5168, stack(0x000000b30dd00000,0x000000b30de00000)]
  0x0000021da4f4e8f0 JavaThread "C2 CompilerThread0" daemon [_thread_blocked, id=7504, stack(0x000000b30de00000,0x000000b30df00000)]
=>0x0000021da4fbd150 JavaThread "C1 CompilerThread0" daemon [_thread_in_native, id=4160, stack(0x000000b30df00000,0x000000b30e000000)]
  0x0000021da4fbf220 JavaThread "Sweeper thread" daemon [_thread_blocked, id=8084, stack(0x000000b30e000000,0x000000b30e100000)]
  0x0000021db78ef010 JavaThread "Notification Thread" daemon [_thread_blocked, id=3704, stack(0x000000b30e100000,0x000000b30e200000)]
  0x0000021db78fb280 JavaThread "Common-Cleaner" daemon [_thread_blocked, id=4316, stack(0x000000b30e300000,0x000000b30e400000)]

Other Threads:
  0x0000021da4f00e70 VMThread "VM Thread" [stack: 0x000000b30d700000,0x000000b30d800000] [id=5812]
  0x0000021db78ef4f0 WatcherThread [stack: 0x000000b30e200000,0x000000b30e300000] [id=7496]

Threads with active compile tasks:
C1 CompilerThread0      759  530       3       java.net.URLStreamHandler::parseURL (1201 bytes)

VM state: not at safepoint (normal execution)

VM Mutex/Monitor currently owned by a thread: None

Heap address: 0x00000000c8c00000, size: 884 MB, Compressed Oops mode: 32-bit

CDS archive(s) not mapped
Compressed class space mapped at: 0x0000000100000000-0x0000000140000000, reserved size: 1073741824
Narrow klass base: 0x0000000000000000, Narrow klass shift: 3, Narrow klass range: 0x140000000

GC Precious Log:
 CPUs: 1 total, 1 available
 Memory: 3532M
 Large Page Support: Disabled
 NUMA Support: Disabled
 Compressed Oops: Enabled (32-bit)
 Heap Min Capacity: 8M
 Heap Initial Capacity: 56M
 Heap Max Capacity: 884M
 Pre-touch: Disabled

Heap:
 def new generation   total 17216K, used 9035K [0x00000000c8c00000, 0x00000000c9ea0000, 0x00000000db2a0000)
  eden space 15360K,  58% used [0x00000000c8c00000, 0x00000000c94d2ea8, 0x00000000c9b00000)
  from space 1856K,   0% used [0x00000000c9b00000, 0x00000000c9b00000, 0x00000000c9cd0000)
  to   space 1856K,   0% used [0x00000000c9cd0000, 0x00000000c9cd0000, 0x00000000c9ea0000)
 tenured generation   total 38272K, used 0K [0x00000000db2a0000, 0x00000000dd800000, 0x0000000100000000)
   the space 38272K,   0% used [0x00000000db2a0000, 0x00000000db2a0000, 0x00000000db2a0200, 0x00000000dd800000)
 Metaspace       used 8953K, committed 9088K, reserved 1114112K
  class space    used 760K, committed 832K, reserved 1048576K

Card table byte_map: [0x0000021da4b20000,0x0000021da4ce0000] _byte_map_base: 0x0000021da44da000

Polling page: 0x0000021da30c0000

Metaspace:

Usage:
  Non-class:      8.00 MB used.
      Class:    760.58 KB used.
       Both:      8.74 MB used.

Virtual space:
  Non-class space:       64.00 MB reserved,       8.06 MB ( 13%) committed,  1 nodes.
      Class space:        1.00 GB reserved,     832.00 KB ( <1%) committed,  1 nodes.
             Both:        1.06 GB reserved,       8.88 MB ( <1%) committed. 

Chunk freelists:
   Non-Class:  7.00 MB
       Class:  15.22 MB
        Both:  22.22 MB

MaxMetaspaceSize: unlimited
CompressedClassSpaceSize: 1.00 GB
Initial GC threshold: 21.00 MB
Current GC threshold: 21.00 MB
CDS: off
MetaspaceReclaimPolicy: balanced
 - commit_granule_bytes: 65536.
 - commit_granule_words: 8192.
 - virtual_space_node_default_size: 8388608.
 - enlarge_chunks_in_place: 1.
 - new_chunks_are_fully_committed: 0.
 - uncommit_free_chunks: 1.
 - use_allocation_guard: 0.
 - handle_deallocations: 1.


Internal statistics:

num_allocs_failed_limit: 0.
num_arena_births: 8.
num_arena_deaths: 0.
num_vsnodes_births: 2.
num_vsnodes_deaths: 0.
num_space_committed: 142.
num_space_uncommitted: 0.
num_chunks_returned_to_freelist: 0.
num_chunks_taken_from_freelist: 48.
num_chunk_merges: 0.
num_chunk_splits: 25.
num_chunks_enlarged: 16.
num_inconsistent_stats: 0.

CodeHeap 'non-profiled nmethods': size=120064Kb used=153Kb max_used=153Kb free=119910Kb
 bounds [0x0000021db0300000, 0x0000021db0570000, 0x0000021db7840000]
CodeHeap 'profiled nmethods': size=120000Kb used=899Kb max_used=899Kb free=119101Kb
 bounds [0x0000021da8840000, 0x0000021da8ab0000, 0x0000021dafd70000]
CodeHeap 'non-nmethods': size=5696Kb used=1140Kb max_used=1154Kb free=4555Kb
 bounds [0x0000021dafd70000, 0x0000021daffe0000, 0x0000021db0300000]
 total_blobs=947 nmethods=529 adapters=333
 compilation: enabled
              stopped_count=0, restarted_count=0
 full_count=0

Compilation events (20 events):
Event: 0.725 Thread 0x0000021da4fbd150 nmethod 518 0x0000021da891c790 code [0x0000021da891c920, 0x0000021da891ca48]
Event: 0.727 Thread 0x0000021da4fbd150  520       1       java.lang.module.ModuleDescriptor::isOpen (5 bytes)
Event: 0.727 Thread 0x0000021da4fbd150 nmethod 520 0x0000021db0325910 code [0x0000021db0325aa0, 0x0000021db0325b78]
Event: 0.727 Thread 0x0000021da4fbd150  521       3       jdk.internal.org.objectweb.asm.Symbol::<init> (38 bytes)
Event: 0.727 Thread 0x0000021da4fbd150 nmethod 521 0x0000021da891cb10 code [0x0000021da891cca0, 0x0000021da891ce58]
Event: 0.727 Thread 0x0000021da4fbd150  522       3       jdk.internal.org.objectweb.asm.SymbolTable::put (150 bytes)
Event: 0.728 Thread 0x0000021da4fbd150 nmethod 522 0x0000021da891cf10 code [0x0000021da891d0e0, 0x0000021da891d7f8]
Event: 0.728 Thread 0x0000021da4fbd150  523       3       java.lang.invoke.MethodType::<init> (15 bytes)
Event: 0.729 Thread 0x0000021da4fbd150 nmethod 523 0x0000021da891db10 code [0x0000021da891dca0, 0x0000021da891de38]
Event: 0.729 Thread 0x0000021da4fbd150  524       3       java.lang.invoke.MethodType::makeImpl (109 bytes)
Event: 0.729 Thread 0x0000021da4fbd150 nmethod 524 0x0000021da891df10 code [0x0000021da891e1a0, 0x0000021da891edf8]
Event: 0.730 Thread 0x0000021da4fbd150  526       3       java.lang.Class::getClassLoader (28 bytes)
Event: 0.730 Thread 0x0000021da4fbd150 nmethod 526 0x0000021da891f210 code [0x0000021da891f440, 0x0000021da891fdd8]
Event: 0.731 Thread 0x0000021da4fbd150  527       3       jdk.internal.org.objectweb.asm.SymbolTable::addConstantUtf8 (98 bytes)
Event: 0.731 Thread 0x0000021da4fbd150 nmethod 527 0x0000021da8920090 code [0x0000021da89202c0, 0x0000021da89208b8]
Event: 0.733 Thread 0x0000021da4f4e8f0  528       4       java.lang.StringUTF16::getChar (60 bytes)
Event: 0.734 Thread 0x0000021da4f4e8f0 nmethod 528 0x0000021db0325f10 code [0x0000021db0326080, 0x0000021db0326158]
Event: 0.737 Thread 0x0000021da4f4e8f0  529       4       java.lang.String::isEmpty (14 bytes)
Event: 0.738 Thread 0x0000021da4f4e8f0 nmethod 529 0x0000021db0326210 code [0x0000021db0326380, 0x0000021db0326418]
Event: 0.738 Thread 0x0000021da4fbd150  530       3       java.net.URLStreamHandler::parseURL (1201 bytes)

GC Heap History (0 events):
No events

Dll operation events (6 events):
Event: 0.006 Loaded shared library C:\Users\nandagiri\.p2\pool\plugins\org.eclipse.justj.openjdk.hotspot.jre.full.win32.x86_64_17.0.8.v20230801-1951\jre\bin\java.dll
Event: 0.235 Loaded shared library C:\Users\nandagiri\.p2\pool\plugins\org.eclipse.justj.openjdk.hotspot.jre.full.win32.x86_64_17.0.8.v20230801-1951\jre\bin\net.dll
Event: 0.237 Loaded shared library C:\Users\nandagiri\.p2\pool\plugins\org.eclipse.justj.openjdk.hotspot.jre.full.win32.x86_64_17.0.8.v20230801-1951\jre\bin\nio.dll
Event: 0.244 Loaded shared library C:\Users\nandagiri\.p2\pool\plugins\org.eclipse.justj.openjdk.hotspot.jre.full.win32.x86_64_17.0.8.v20230801-1951\jre\bin\zip.dll
Event: 0.420 Loaded shared library C:\Users\nandagiri\.p2\pool\plugins\org.eclipse.justj.openjdk.hotspot.jre.full.win32.x86_64_17.0.8.v20230801-1951\jre\bin\verify.dll
Event: 0.431 Loaded shared library C:\Users\nandagiri\.p2\pool\plugins\org.eclipse.justj.openjdk.hotspot.jre.full.win32.x86_64_17.0.8.v20230801-1951\jre\bin\jimage.dll

Deoptimization events (20 events):
Event: 0.518 Thread 0x0000021da517ea40 DEOPT PACKING pc=0x0000021db0317618 sp=0x000000b30d6fbd90
Event: 0.518 Thread 0x0000021da517ea40 DEOPT UNPACKING pc=0x0000021dafdc9ea3 sp=0x000000b30d6fbcd0 mode 2
Event: 0.519 Thread 0x0000021da517ea40 Uncommon trap: trap_request=0xffffff45 fr.pc=0x0000021db0317ca4 relative=0x0000000000000284
Event: 0.519 Thread 0x0000021da517ea40 Uncommon trap: reason=unstable_if action=reinterpret pc=0x0000021db0317ca4 method=java.io.BufferedReader.read()I @ 19 c2
Event: 0.519 Thread 0x0000021da517ea40 DEOPT PACKING pc=0x0000021db0317ca4 sp=0x000000b30d6fbe40
Event: 0.519 Thread 0x0000021da517ea40 DEOPT UNPACKING pc=0x0000021dafdc9ea3 sp=0x000000b30d6fbdf0 mode 2
Event: 0.548 Thread 0x0000021da517ea40 DEOPT PACKING pc=0x0000021da8894165 sp=0x000000b30d6fbff0
Event: 0.548 Thread 0x0000021da517ea40 DEOPT UNPACKING pc=0x0000021dafdca9e3 sp=0x000000b30d6fb468 mode 0
Event: 0.720 Thread 0x0000021da517ea40 Uncommon trap: trap_request=0xffffff45 fr.pc=0x0000021db030a358 relative=0x00000000000003b8
Event: 0.720 Thread 0x0000021da517ea40 Uncommon trap: reason=unstable_if action=reinterpret pc=0x0000021db030a358 method=java.lang.StringLatin1.canEncode(I)Z @ 4 c2
Event: 0.720 Thread 0x0000021da517ea40 DEOPT PACKING pc=0x0000021db030a358 sp=0x000000b30d6fd130
Event: 0.720 Thread 0x0000021da517ea40 DEOPT UNPACKING pc=0x0000021dafdc9ea3 sp=0x000000b30d6fd058 mode 2
Event: 0.720 Thread 0x0000021da517ea40 Uncommon trap: trap_request=0xffffff45 fr.pc=0x0000021db0309a34 relative=0x0000000000000394
Event: 0.720 Thread 0x0000021da517ea40 Uncommon trap: reason=unstable_if action=reinterpret pc=0x0000021db0309a34 method=java.lang.AbstractStringBuilder.isLatin1()Z @ 10 c2
Event: 0.720 Thread 0x0000021da517ea40 DEOPT PACKING pc=0x0000021db0309a34 sp=0x000000b30d6fd140
Event: 0.720 Thread 0x0000021da517ea40 DEOPT UNPACKING pc=0x0000021dafdc9ea3 sp=0x000000b30d6fd0c0 mode 2
Event: 0.720 Thread 0x0000021da517ea40 Uncommon trap: trap_request=0xffffff45 fr.pc=0x0000021db03090dc relative=0x000000000000005c
Event: 0.720 Thread 0x0000021da517ea40 Uncommon trap: reason=unstable_if action=reinterpret pc=0x0000021db03090dc method=java.lang.AbstractStringBuilder.isLatin1()Z @ 10 c2
Event: 0.720 Thread 0x0000021da517ea40 DEOPT PACKING pc=0x0000021db03090dc sp=0x000000b30d6fd120
Event: 0.720 Thread 0x0000021da517ea40 DEOPT UNPACKING pc=0x0000021dafdc9ea3 sp=0x000000b30d6fd0b0 mode 2

Classes unloaded (0 events):
No events

Classes redefined (0 events):
No events

Internal exceptions (2 events):
Event: 0.525 Thread 0x0000021da517ea40 Exception <a 'java/lang/ClassNotFoundException'{0x00000000c92b3230}: javax/smartcardio/CardPermission> (0x00000000c92b3230) 
thrown [s\src\hotspot\share\classfile\systemDictionary.cpp, line 256]
Event: 0.553 Thread 0x0000021da517ea40 Exception <a 'java/io/FileNotFoundException'{0x00000000c92c1c98}> (0x00000000c92c1c98) 
thrown [s\src\hotspot\share\prims\jni.cpp, line 516]

VM Operations (2 events):
Event: 0.262 Executing VM operation: HandshakeAllThreads
Event: 0.262 Executing VM operation: HandshakeAllThreads done

Events (20 events):
Event: 0.727 loading class java/util/function/Predicate
Event: 0.727 loading class java/util/function/Predicate done
Event: 0.731 loading class java/util/stream/IntPipeline$10$1
Event: 0.731 loading class java/util/stream/Sink$ChainedInt
Event: 0.732 loading class java/util/stream/Sink$ChainedInt done
Event: 0.732 loading class java/util/stream/IntPipeline$10$1 done
Event: 0.732 loading class java/lang/StringUTF16$CharsSpliterator
Event: 0.732 loading class java/lang/StringUTF16$CharsSpliterator done
Event: 0.732 loading class java/lang/CharacterData00
Event: 0.732 loading class java/lang/CharacterData00 done
Event: 0.734 loading class java/text/DecimalFormat
Event: 0.735 loading class java/text/DecimalFormat done
Event: 0.735 loading class java/text/FieldPosition
Event: 0.736 loading class java/text/FieldPosition done
Event: 0.736 loading class java/text/DigitList
Event: 0.736 loading class java/text/DigitList done
Event: 0.736 loading class java/math/RoundingMode
Event: 0.736 loading class java/math/RoundingMode done
Event: 0.736 loading class java/util/Date
Event: 0.737 loading class java/util/Date done


Dynamic libraries:
0x00007ff6e0a50000 - 0x00007ff6e0a5e000 	C:\Users\nandagiri\.p2\pool\plugins\org.eclipse.justj.openjdk.hotspot.jre.full.win32.x86_64_17.0.8.v20230801-1951\jre\bin\javaw.exe
0x00007ff86c250000 - 0x00007ff86c448000 	C:\Windows\SYSTEM32\ntdll.dll
0x00007ff86bf10000 - 0x00007ff86bfcf000 	C:\Windows\System32\KERNEL32.DLL
0x00007ff869a30000 - 0x00007ff869d26000 	C:\Windows\System32\KERNELBASE.dll
0x00007ff869930000 - 0x00007ff869a30000 	C:\Windows\System32\ucrtbase.dll
0x00007ff8527f0000 - 0x00007ff852807000 	C:\Users\nandagiri\.p2\pool\plugins\org.eclipse.justj.openjdk.hotspot.jre.full.win32.x86_64_17.0.8.v20230801-1951\jre\bin\jli.dll
0x00007ff86c070000 - 0x00007ff86c20d000 	C:\Windows\System32\USER32.dll
0x00007ff86a000000 - 0x00007ff86a022000 	C:\Windows\System32\win32u.dll
0x00007ff86b590000 - 0x00007ff86b5bc000 	C:\Windows\System32\GDI32.dll
0x00007ff86a140000 - 0x00007ff86a255000 	C:\Windows\System32\gdi32full.dll
0x00007ff86a0a0000 - 0x00007ff86a13d000 	C:\Windows\System32\msvcp_win.dll
0x00007ff8527d0000 - 0x00007ff8527e9000 	C:\Users\nandagiri\.p2\pool\plugins\org.eclipse.justj.openjdk.hotspot.jre.full.win32.x86_64_17.0.8.v20230801-1951\jre\bin\VCRUNTIME140.dll
0x00007ff84add0000 - 0x00007ff84b06a000 	C:\Windows\WinSxS\amd64_microsoft.windows.common-controls_6595b64144ccf1df_6.0.19041.1110_none_60b5254171f9507e\COMCTL32.dll
0x00007ff86bd30000 - 0x00007ff86bdce000 	C:\Windows\System32\msvcrt.dll
0x00007ff86af40000 - 0x00007ff86af70000 	C:\Windows\System32\IMM32.DLL
0x00007ff8527c0000 - 0x00007ff8527cc000 	C:\Users\nandagiri\.p2\pool\plugins\org.eclipse.justj.openjdk.hotspot.jre.full.win32.x86_64_17.0.8.v20230801-1951\jre\bin\vcruntime140_1.dll
0x00007ff842e40000 - 0x00007ff842ed1000 	C:\Users\nandagiri\.p2\pool\plugins\org.eclipse.justj.openjdk.hotspot.jre.full.win32.x86_64_17.0.8.v20230801-1951\jre\bin\msvcp140.dll
0x00007ff81db80000 - 0x00007ff81e7cc000 	C:\Users\nandagiri\.p2\pool\plugins\org.eclipse.justj.openjdk.hotspot.jre.full.win32.x86_64_17.0.8.v20230801-1951\jre\bin\server\jvm.dll
0x00007ff86b4e0000 - 0x00007ff86b58f000 	C:\Windows\System32\ADVAPI32.dll
0x00007ff86bfd0000 - 0x00007ff86c06c000 	C:\Windows\System32\sechost.dll
0x00007ff86bc00000 - 0x00007ff86bd26000 	C:\Windows\System32\RPCRT4.dll
0x00007ff869320000 - 0x00007ff86936b000 	C:\Windows\SYSTEM32\POWRPROF.dll
0x00007ff84d6f0000 - 0x00007ff84d6f9000 	C:\Windows\SYSTEM32\WSOCK32.dll
0x00007ff86b5e0000 - 0x00007ff86b64b000 	C:\Windows\System32\WS2_32.dll
0x00007ff846390000 - 0x00007ff8463b7000 	C:\Windows\SYSTEM32\WINMM.dll
0x00007ff861d10000 - 0x00007ff861d1a000 	C:\Windows\SYSTEM32\VERSION.dll
0x00007ff869300000 - 0x00007ff869312000 	C:\Windows\SYSTEM32\UMPDC.dll
0x00007ff8677f0000 - 0x00007ff867802000 	C:\Windows\SYSTEM32\kernel.appcore.dll
0x00007ff8613b0000 - 0x00007ff8613ba000 	C:\Users\nandagiri\.p2\pool\plugins\org.eclipse.justj.openjdk.hotspot.jre.full.win32.x86_64_17.0.8.v20230801-1951\jre\bin\jimage.dll
0x00007ff85ef70000 - 0x00007ff85f154000 	C:\Windows\SYSTEM32\DBGHELP.DLL
0x00007ff85ef00000 - 0x00007ff85ef34000 	C:\Windows\SYSTEM32\dbgcore.DLL
0x00007ff869f70000 - 0x00007ff869ff2000 	C:\Windows\System32\bcryptPrimitives.dll
0x00007ff857ec0000 - 0x00007ff857ee5000 	C:\Users\nandagiri\.p2\pool\plugins\org.eclipse.justj.openjdk.hotspot.jre.full.win32.x86_64_17.0.8.v20230801-1951\jre\bin\java.dll
0x00007ff857ea0000 - 0x00007ff857eb8000 	C:\Users\nandagiri\.p2\pool\plugins\org.eclipse.justj.openjdk.hotspot.jre.full.win32.x86_64_17.0.8.v20230801-1951\jre\bin\zip.dll
0x00007ff86a3e0000 - 0x00007ff86ab24000 	C:\Windows\System32\SHELL32.dll
0x00007ff8679f0000 - 0x00007ff868183000 	C:\Windows\SYSTEM32\windows.storage.dll
0x00007ff86ab30000 - 0x00007ff86ae84000 	C:\Windows\System32\combase.dll
0x00007ff869370000 - 0x00007ff86939e000 	C:\Windows\SYSTEM32\Wldp.dll
0x00007ff86ae90000 - 0x00007ff86af3d000 	C:\Windows\System32\SHCORE.dll
0x00007ff86b480000 - 0x00007ff86b4d5000 	C:\Windows\System32\shlwapi.dll
0x00007ff869860000 - 0x00007ff869885000 	C:\Windows\SYSTEM32\profapi.dll
0x00007ff852d60000 - 0x00007ff852d79000 	C:\Users\nandagiri\.p2\pool\plugins\org.eclipse.justj.openjdk.hotspot.jre.full.win32.x86_64_17.0.8.v20230801-1951\jre\bin\net.dll
0x00007ff861f10000 - 0x00007ff86201a000 	C:\Windows\SYSTEM32\WINHTTP.dll
0x00007ff869000000 - 0x00007ff86906a000 	C:\Windows\system32\mswsock.dll
0x00007ff852d40000 - 0x00007ff852d55000 	C:\Users\nandagiri\.p2\pool\plugins\org.eclipse.justj.openjdk.hotspot.jre.full.win32.x86_64_17.0.8.v20230801-1951\jre\bin\nio.dll
0x00007ff8611f0000 - 0x00007ff861200000 	C:\Users\nandagiri\.p2\pool\plugins\org.eclipse.justj.openjdk.hotspot.jre.full.win32.x86_64_17.0.8.v20230801-1951\jre\bin\verify.dll

dbghelp: loaded successfully - version: 4.0.5 - missing functions: none
symbol engine: initialized successfully - sym options: 0x614 - pdb path: .;C:\Users\nandagiri\.p2\pool\plugins\org.eclipse.justj.openjdk.hotspot.jre.full.win32.x86_64_17.0.8.v20230801-1951\jre\bin;C:\Windows\SYSTEM32;C:\Windows\WinSxS\amd64_microsoft.windows.common-controls_6595b64144ccf1df_6.0.19041.1110_none_60b5254171f9507e;C:\Users\nandagiri\.p2\pool\plugins\org.eclipse.justj.openjdk.hotspot.jre.full.win32.x86_64_17.0.8.v20230801-1951\jre\bin\server

VM Arguments:
jvm_args: -Dfile.encoding=UTF-8 -XX:+ShowCodeDetailsInExceptionMessages 
java_command: com.hcl.EmployeeRestfulApiApplication
java_class_path (initial): C:\Users\nandagiri\Downloads\EmployeeRestfulApi\EmployeeRestfulApi\target\classes;C:\Users\nandagiri\.m2\repository\org\springframework\boot\spring-boot-starter-data-jpa\2.7.2\spring-boot-starter-data-jpa-2.7.2.jar;C:\Users\nandagiri\.m2\repository\org\springframework\boot\spring-boot-starter-aop\2.7.2\spring-boot-starter-aop-2.7.2.jar;C:\Users\nandagiri\.m2\repository\org\springframework\spring-aop\5.3.22\spring-aop-5.3.22.jar;C:\Users\nandagiri\.m2\repository\org\aspectj\aspectjweaver\1.9.7\aspectjweaver-1.9.7.jar;C:\Users\nandagiri\.m2\repository\org\springframework\boot\spring-boot-starter-jdbc\2.7.2\spring-boot-starter-jdbc-2.7.2.jar;C:\Users\nandagiri\.m2\repository\com\zaxxer\HikariCP\4.0.3\HikariCP-4.0.3.jar;C:\Users\nandagiri\.m2\repository\org\springframework\spring-jdbc\5.3.22\spring-jdbc-5.3.22.jar;C:\Users\nandagiri\.m2\repository\jakarta\transaction\jakarta.transaction-api\1.3.3\jakarta.transaction-api-1.3.3.jar;C:\Users\nandagiri\.m2\repository\jakarta\persistence\jakarta.persistence-api\2.2.3\jakarta.persistence-api-2.2.3.jar;C:\Users\nandagiri\.m2\repository\org\hibernate\hibernate-core\5.6.10.Final\hibernate-core-5.6.10.Final.jar;C:\Users\nandagiri\.m2\repository\org\jboss\logging\jboss-logging\3.4.3.Final\jboss-logging-3.4.3.Final.jar;C:\Users\nandagiri\.m2\repository\net\bytebuddy\byte-buddy\1.12.12\byte-buddy-1.12.12.jar;C:\Users\nandagiri\.m2\repository\antlr\antlr\2.7.7\antlr-2.7.7.jar;C:\Users\nandagiri\.m2\repository\org\jboss\jandex\2.4.2.Final\jandex-2.4.2.Final.jar;C:\Users\nandagiri\.m2\repository\com\fasterxml\classmate\1.5.1\classmate-1.5.1.jar;C:\Users\nandagiri\.m2\repository\org\hibernate\common\hibernate-commons-annotations\5.1.2.Final\hibernate-commons-annotations-5.1.2.Final.jar;C:\Users\nandagiri\.m2\repository\org\glassfish\jaxb\jaxb-runtime\2.3.6\jaxb-runtime-2.3.6.jar;C:\Users\nandagiri\.m2\repository\org\glassfish\jaxb\txw2\2.3.6\txw2-2.3.6.jar;C:\Users\nandagiri\.m2\repository\com\sun\istack\ist
Launcher Type: SUN_STANDARD

[Global flags]
     intx CICompilerCount                          = 2                                         {product} {ergonomic}
   size_t InitialHeapSize                          = 58720256                                  {product} {ergonomic}
   size_t MaxHeapSize                              = 926941184                                 {product} {ergonomic}
   size_t MaxNewSize                               = 308936704                                 {product} {ergonomic}
   size_t MinHeapDeltaBytes                        = 196608                                    {product} {ergonomic}
   size_t MinHeapSize                              = 8388608                                   {product} {ergonomic}
   size_t NewSize                                  = 19529728                                  {product} {ergonomic}
    uintx NonNMethodCodeHeapSize                   = 5826188                                {pd product} {ergonomic}
    uintx NonProfiledCodeHeapSize                  = 122916026                              {pd product} {ergonomic}
   size_t OldSize                                  = 39190528                                  {product} {ergonomic}
    uintx ProfiledCodeHeapSize                     = 122916026                              {pd product} {ergonomic}
    uintx ReservedCodeCacheSize                    = 251658240                              {pd product} {ergonomic}
     bool SegmentedCodeCache                       = true                                      {product} {ergonomic}
     bool ShowCodeDetailsInExceptionMessages       = true                                   {manageable} {command line}
   size_t SoftMaxHeapSize                          = 926941184                              {manageable} {ergonomic}
     bool UseCompressedClassPointers               = true                           {product lp64_product} {ergonomic}
     bool UseCompressedOops                        = true                           {product lp64_product} {ergonomic}
     bool UseLargePagesIndividualAllocation        = false                                  {pd product} {ergonomic}
     bool UseSerialGC                              = true                                      {product} {ergonomic}

Logging:
Log output configuration:
 #0: stdout all=warning uptime,level,tags
 #1: stderr all=off uptime,level,tags

Environment Variables:
JAVA_HOME=C:\Program Files\Java\jdk-20
PATH=C:/Users/nandagiri/.p2/pool/plugins/org.eclipse.justj.openjdk.hotspot.jre.full.win32.x86_64_17.0.8.v20230801-1951/jre/bin/server;C:/Users/nandagiri/.p2/pool/plugins/org.eclipse.justj.openjdk.hotspot.jre.full.win32.x86_64_17.0.8.v20230801-1951/jre/bin;C:\Program Files\Common Files\Oracle\Java\javapath;C:\Windows\system32;C:\Windows;C:\Windows\System32\Wbem;C:\Windows\System32\WindowsPowerShell\v1.0\;C:\Windows\System32\OpenSSH\;C:\Program Files\Java\jdk-20\bin;C:\Program Files\MySQL\MySQL Server 8.0\bin;C:\Program Files\Java\jdk-20\bin;C:\Program Files\MySQL\MySQL Shell 8.0\bin\;C:\Users\nandagiri\AppData\Local\Microsoft\WindowsApps;;C:\Users\nandagiri\Desktop;
USERNAME=nandagiri
OS=Windows_NT
PROCESSOR_IDENTIFIER=Intel64 Family 6 Model 85 Stepping 7, GenuineIntel
TMP=C:\Users\NANDAG~1\AppData\Local\Temp
TEMP=C:\Users\NANDAG~1\AppData\Local\Temp



---------------  S Y S T E M  ---------------

OS:
 Windows 10 , 64 bit Build 19041 (10.0.19041.3155)
OS uptime: 0 days 0:17 hours
Hyper-V virtualization detected

CPU: total 1 (initial active 1) (1 cores per cpu, 1 threads per core) family 6 model 85 stepping 7 microcode 0xffffffff, cx8, cmov, fxsr, mmx, 3dnowpref, sse, sse2, sse3, ssse3, sse4.1, sse4.2, popcnt, lzcnt, tsc, avx, avx2, aes, erms, clmul, bmi1, bmi2, rtm, adx, avx512f, avx512dq, avx512cd, avx512bw, avx512vl, fma, vzeroupper, avx512_vnni, clflush, clflushopt, clwb, hv
Processor Information for all 1 processors :
  Max Mhz: 2594, Current Mhz: 2594, Mhz Limit: 2594

Memory: 4k page, system-wide physical 3532M (392M free)
TotalPageFile size 4428M (AvailPageFile size 4M)
current process WorkingSet (physical memory assigned to process): 47M, peak: 47M
current process commit charge ("private bytes"): 85M, peak: 85M

vm_info: OpenJDK 64-Bit Server VM (17.0.8+7) for windows-amd64 JRE (17.0.8+7), built on Jul 18 2023 21:02:32 by "admin" with MS VC++ 16.7 (VS2019)

END.
